#
# A fatal error has been detected by the Java Runtime Environment:
#
#  EXCEPTION_ACCESS_VIOLATION (0xc0000005) at pc=0x0000022e08ac6965, pid=19604, tid=14368
#
# JRE version: OpenJDK Runtime Environment 20.3 (14.0.2+12) (build 14.0.2+12)
# Java VM: OpenJDK 64-Bit Server VM 20.3 (14.0.2+12, mixed mode, sharing, tiered, compressed oops, g1 gc, windows-amd64)
# Problematic frame:
# J 19216 c2 java.util.concurrent.ConcurrentHashMap.replaceNode(Ljava/lang/Object;Ljava/lang/Object;Ljava/lang/Object;)Ljava/lang/Object; java.base@14.0.2 (437 bytes) @ 0x0000022e08ac6965 [0x0000022e08ac5e80+0x0000000000000ae5]
#
# No core dump will be written. Minidumps are not enabled by default on client versions of Windows
#
# If you would like to submit a bug report, please visit:
#   https://bugzilla.redhat.com/enter_bug.cgi
#

---------------  S U M M A R Y ------------

Command Line: -Dcom.sun.management.jmxremote -Dcom.sun.management.jmxremote.port=1358 -Dcom.sun.management.jmxremote.authenticate=false -Dcom.sun.management.jmxremote.ssl=false -Djava.rmi.server.hostname=localhost -Dspring.application.admin.enabled=true -Dspring.jmx.enabled=true -XX:+ShowCodeDetailsInExceptionMessages -Dfile.encoding=UTF-8 com.proyectofinal.daw.DawApplication

Host: Intel(R) Core(TM) i5-8250U CPU @ 1.60GHz, 8 cores, 15G,  Windows 10 , 64 bit Build 19041 (10.0.19041.928)
Time: Wed Apr 28 16:07:47 2021 Hora de verano romance elapsed time: 21113 seconds (0d 5h 51m 53s)

---------------  T H R E A D  ---------------

Current thread (0x0000022e21e34800):  JavaThread "HikariPool-5 connection adder" daemon [_thread_in_Java, id=14368, stack(0x00000088c3300000,0x00000088c3400000)]

Stack: [0x00000088c3300000,0x00000088c3400000],  sp=0x00000088c33fe550,  free space=1017k
Native frames: (J=compiled Java code, j=interpreted, Vv=VM code, C=native code)
C  0x0000022e08ac6965


siginfo: EXCEPTION_ACCESS_VIOLATION (0xc0000005), writing address 0x0000000000000001


Register to memory mapping:

RIP=0x0000022e08ac6965 is at entry_point+2789 in (nmethod*)0x0000022e08ac5c90
RAX=0x0000000000000001 is an unknown value
RBX={method} {0x0000000800327ed8} 'hashCode' '()I' in 'java/lang/String'
RCX=0x0000022e7a18cd64 points into unknown readable memory: 08 08 08 08
RDX=0x000000070232e030 is an oop: java.lang.String 
{0x000000070232e030} - klass: 'java/lang/String'
RSP=0x00000088c33fe550 is pointing into the stack for thread: 0x0000022e21e34800
RBP=0x000000000030f598 is an unknown value
RSI=0x000000070b7ac8f8 is an oop: java.util.concurrent.ConcurrentHashMap$Node 
{0x000000070b7ac8f8} - klass: 'java/util/concurrent/ConcurrentHashMap$Node'
RDI=0x0 is NULL
R8 =0x000000070b7ac7a0 is an oop: [Ljava.util.concurrent.ConcurrentHashMap$Node; 
{0x000000070b7ac7a0} - klass: 'java/util/concurrent/ConcurrentHashMap$Node'[]
 - length: 16
R9 =3782170911 is a compressed pointer to object: java.util.concurrent.ConcurrentHashMap$Node 
{0x000000070b7ac8f8} - klass: 'java/util/concurrent/ConcurrentHashMap$Node'
R10=0x0000000000000001 is an unknown value
R11=0x000000000030f598 is an unknown value
R12=0x0 is NULL
R13=0x0000000000000001 is an unknown value
R14=0x0000000000000008 is an unknown value
R15=0x0000022e21e34800 is a thread


Registers:
RAX=0x0000000000000001, RBX=0x0000000800327ed0, RCX=0x0000022e7a18cd64, RDX=0x000000070232e030
RSP=0x00000088c33fe550, RBP=0x000000000030f598, RSI=0x000000070b7ac8f8, RDI=0x0000000000000000
R8 =0x000000070b7ac7a0, R9 =0x00000000e16f591f, R10=0x0000000000000001, R11=0x000000000030f598
R12=0x0000000000000000, R13=0x0000000000000001, R14=0x0000000000000008, R15=0x0000022e21e34800
RIP=0x0000022e08ac6965, EFLAGS=0x0000000000010297

Top of Stack: (sp=0x00000088c33fe550)
0x00000088c33fe550:   e16f58f40036ebfd 000000070b784ea0
0x00000088c33fe560:   00000007e04bf8af 00000007022e5a00
0x00000088c33fe570:   0000022e21e34800 000000070b7ac760
0x00000088c33fe580:   0000000000000000 0000000000000000
0x00000088c33fe590:   0000000000000000 0000000800396fd8
0x00000088c33fe5a0:   0000000000000000 000000070232e030
0x00000088c33fe5b0:   0000000000000000 0000022e23958b78
0x00000088c33fe5c0:   00000088c33fe600 00000088c33fe5f0
0x00000088c33fe5d0:   0000000800337bc8 000000070b7ac760
0x00000088c33fe5e0:   000000070232e030 000000070b784ea0
0x00000088c33fe5f0:   000000070b7a8018 0000000000000202
0x00000088c33fe600:   00000088c33fe860 0000022e00e719b4
0x00000088c33fe610:   0000022e1cc4d9a0 0000022e07c3ee08
0x00000088c33fe620:   00000088c33fe670 0000022e1ce88fc0
0x00000088c33fe630:   000000070b7a7fe0 000000070b7ac760
0x00000088c33fe640:   000000070b7a8018 000000070b7ac800 

Instructions: (pc=0x0000022e08ac6965)
0x0000022e08ac6865:   00 00 00 00 00 10 04 10 00 00 00 00 00 10 04 10
0x0000022e08ac6875:   00 00 00 00 00 10 04 10 00 00 00 00 00 10 04 10
0x0000022e08ac6885:   00 00 00 00 00 10 04 10 00 00 00 00 00 10 04 10
0x0000022e08ac6895:   00 00 00 00 00 10 04 10 00 00 00 00 00 10 04 10
0x0000022e08ac68a5:   00 00 00 00 00 10 04 10 00 00 00 00 00 10 04 10
0x0000022e08ac68b5:   00 00 00 00 00 10 04 10 00 00 00 00 00 10 04 10
0x0000022e08ac68c5:   00 00 00 00 00 10 04 10 00 00 00 00 00 10 04 10
0x0000022e08ac68d5:   00 00 00 00 00 10 04 10 00 00 00 00 00 10 04 10
0x0000022e08ac68e5:   00 00 00 00 00 10 04 10 00 00 00 00 00 10 04 10
0x0000022e08ac68f5:   00 00 00 00 00 10 04 10 00 00 00 00 00 10 04 10
0x0000022e08ac6905:   00 00 00 00 00 10 04 10 00 00 00 00 00 10 04 10
0x0000022e08ac6915:   00 00 00 00 00 10 04 10 00 00 00 00 00 10 04 10
0x0000022e08ac6925:   00 00 00 00 00 10 04 10 00 00 00 00 00 10 04 10
0x0000022e08ac6935:   00 00 00 00 00 10 04 10 00 00 00 00 00 10 04 10
0x0000022e08ac6945:   00 00 00 00 00 10 04 10 00 00 00 00 00 10 04 10
0x0000022e08ac6955:   00 00 00 00 00 10 04 10 00 00 00 00 00 10 04 10
0x0000022e08ac6965:   00 00 00 00 00 10 04 10 00 00 00 00 00 10 04 10
0x0000022e08ac6975:   00 00 00 00 00 10 04 10 00 00 00 00 00 10 04 10
0x0000022e08ac6985:   00 00 00 00 00 10 04 10 00 00 00 00 00 10 04 10
0x0000022e08ac6995:   00 00 00 00 00 10 04 10 00 00 00 00 00 10 04 10
0x0000022e08ac69a5:   00 00 00 00 00 10 04 10 00 00 00 00 00 10 04 10
0x0000022e08ac69b5:   00 00 00 00 00 10 04 10 00 00 00 00 00 10 04 10
0x0000022e08ac69c5:   00 00 00 00 00 10 04 10 00 00 00 00 00 10 04 10
0x0000022e08ac69d5:   00 00 00 00 00 10 04 10 00 00 00 00 00 10 04 10
0x0000022e08ac69e5:   00 00 00 00 00 10 04 10 00 00 00 00 00 10 04 10
0x0000022e08ac69f5:   00 00 00 00 00 10 04 10 00 00 00 00 00 10 04 10
0x0000022e08ac6a05:   00 00 00 00 00 10 04 10 00 00 00 00 00 10 04 10
0x0000022e08ac6a15:   00 00 00 00 00 10 04 10 00 00 00 00 00 10 04 10
0x0000022e08ac6a25:   00 00 00 00 00 10 04 10 00 00 00 00 00 10 04 10
0x0000022e08ac6a35:   00 00 00 00 00 10 04 10 00 00 00 00 00 10 04 10
0x0000022e08ac6a45:   00 00 00 00 00 10 04 10 00 00 00 00 00 10 04 10
0x0000022e08ac6a55:   00 00 00 00 00 10 04 10 00 00 00 00 00 10 04 10 


Stack slot to memory mapping:
stack at sp + 0 slots: 0xe16f58f40036ebfd is an unknown value
stack at sp + 1 slots: 0x000000070b784ea0 is an oop: java.lang.Thread 
{0x000000070b784ea0} - klass: 'java/lang/Thread'
stack at sp + 2 slots: 
[error occurred during error reporting (inspecting top of stack), id 0xc0000005, EXCEPTION_ACCESS_VIOLATION (0xc0000005) at pc=0x00007ffed6614614]

--------------------------------------------------------------------------------
[Constant Pool (empty)]

--------------------------------------------------------------------------------

[MachCode]
  0x0000022e08ac5e80: 448b 5208 | 49c1 e203 | 49bc 0000 | 0000 0800 | 0000 4d03 | d44d 33e4 | 493b c20f | 855f 5158 
  0x0000022e08ac5ea0: f766 6690 | 0f1f 8400 | 0000 0000 | 6666 6690 | 8984 2400 | 90ff ff55 | 4881 ecb0 | 0000 0048 
  0x0000022e08ac5ec0: 897c 2438 | 4c89 4c24 | 3048 8954 | 2428 4c89 | 8424 9000 | 0000 458b | 5008 49c1 | e203 49bc 
  0x0000022e08ac5ee0: 0000 0000 | 0800 0000 | 4d03 d44d | 33e4 4d8b | 92f8 0100 | 0049 bbd8 | 0701 0008 | 0000 004d 
  0x0000022e08ac5f00: 8b87 e802 | 0000 4c89 | 8424 9800 | 0000 4d3b | d30f 85c8 | 0400 004c | 8b94 2490 | 0000 004d 
  0x0000022e08ac5f20: 8b12 4d8b | da49 83e3 | 0749 83fb | 010f 85ac | 0400 0049 | c1ea 0841 | 8bc2 81e0 | ffff ff7f 
  0x0000022e08ac5f40: 85c0 0f84 | 9704 0000 | 4c8b 5424 | 2845 8b5a | 28c4 c179 | 6ed3 4585 | db0f 84a4 | 0200 0047 
  0x0000022e08ac5f60: 8b74 dc0c | 448b d841 | c1eb 1044 | 33d8 4181 | e3ff ffff | 7f45 85f6 | 0f86 9809 | 0000 41ff 
  0x0000022e08ac5f80: ce45 23f3 | c4c1 797e | d04f 8d14 | c4c4 c1f9 | 6ec2 4d63 | d6c4 c1f9 | 7ec0 4f8d | 5490 10c4 
  0x0000022e08ac5fa0: c1f9 6eca | c4c1 f97e | ca45 8b0a | 4585 c90f | 844e 0200 | 0043 8b6c | cc0c 83fd | ff0f 84f1 
  0x0000022e08ac5fc0: 0b00 004b | 8d34 cc48 | 8b06 4c8b | d049 83e2 | 0749 83fa | 050f 858a | 0900 0047 | 8b44 cc08 
  0x0000022e08ac5fe0: 49ba 0000 | 0000 0800 | 0000 4f8d | 14c2 4d8b | 92b8 0000 | 004d 8bc2 | 4d0b c749 | 8bc8 4833 
  0x0000022e08ac6000: c848 f7c1 | 87ff ffff | 0f85 260b | 0000 c4c1 | f97e ca45 | 8b02 453b | c10f 85dc | 0600 0085 
  0x0000022e08ac6020: ed0f 8c40 | 0b00 004c | 8bc6 ba07 | 0000 0045 | 33d2 33c9 | eb66 4889 | ac24 9000 | 0000 48ff 
  0x0000022e08ac6040: 7424 2048 | 8f44 2428 | c5fa 1054 | 2448 448b | 7424 4c44 | 8b5c 2450 | c5fb 1044 | 2458 c5fb 
  0x0000022e08ac6060: 104c 2460 | 448b 4c24 | 5448 8b74 | 2468 488b | 5424 7044 | 8b54 2478 | 488b 9c24 | 8000 0000 
  0x0000022e08ac6080: 8b4b 184d | 8b87 1001 | 0000 4185 | 0085 c90f | 8452 0200 | 004d 8d04 | cc48 8bcb | 498b d845 
  0x0000022e08ac60a0: 8b40 0c45 | 3bc3 75d8 | 8b7b 104c | 8bc7 49c1 | e003 488b | 8424 9000 | 0000 4c3b | c00f 8545 
  0x0000022e08ac60c0: 0200 008b | 6b14 4c8b | c549 c1e0 | 034c 8944 | 2420 4c8b | 4424 384d | 85c0 0f85 | 2d01 0000 
  0x0000022e08ac60e0: 4533 ed48 | 8b7c 2430 | 4885 ff0f | 8534 0100 | 008b 6b18 | 488b dd48 | c1e3 0348 | 85c9 7443 
  0x0000022e08ac6100: 4180 7f30 | 000f 856f | 0400 0089 | 6918 4c8b | cb4c 33c9 | 49c1 e914 | 4d85 c974 | 1e85 ed74 
  0x0000022e08ac6120: 1a48 c1e9 | 0948 bb00 | 1093 762e | 0200 0048 | 03d9 803b | 080f 85f6 | 0400 00f0 | 8344 24c0 
  0x0000022e08ac6140: 00eb 4541 | 807f 3000 | 0f85 b302 | 0000 c4c1 | f97e c941 | 8929 4c8b | cbc4 e1f9 | 7ec9 4c33 
  0x0000022e08ac6160: c949 c1e9 | 144d 85c9 | 741e 85ed | 741a 48c1 | e909 48bb | 0010 9376 | 2e02 0000 | 4803 d980 
  0x0000022e08ac6180: 3b08 0f85 | 2803 0000 | 33db bd01 | 0000 0048 | 2316 4883 | fa05 0f85 | 7b08 0000 | 85ed 0f84 
  0x0000022e08ac61a0: 8205 0000 | 4c8b 5c24 | 204d 85db | 7455 4885 | db75 384c | 8b5c 2428 | 458b 4330 | 4585 c00f 
  0x0000022e08ac61c0: 85af 0000 | 0049 8b43 | 184c 8bd8 | 49ff cb4c | 8b4c 2428 | f04d 0fb1 | 5918 410f | 94c1 450f 
  0x0000022e08ac61e0: b6c9 4585 | c90f 8489 | 0000 0048 | 8b44 2420 | 4881 c4b0 | 0000 005d | 4d8b 9710 | 0100 0041 
  0x0000022e08ac6200: 8502 c345 | 33d2 4c89 | 5424 20eb | de48 8b7c | 2420 4c3b | c70f 8539 | 0a00 004c | 8b6c 2438 
  0x0000022e08ac6220: e9be feff | ff41 807f | 3000 0f85 | 3505 0000 | 4c8b cb48 | 8bef 48c1 | ed03 896b | 1448 8bcf 
  0x0000022e08ac6240: 4933 c948 | c1e9 1448 | 85c9 741a | 49c1 e909 | 48b9 0010 | 9376 2e02 | 0000 4903 | c980 3908 
  0x0000022e08ac6260: 0f85 ec05 | 0000 f083 | 4424 c000 | 488b dfe9 | 16ff ffff | 4585 c00f | 84c9 0400 | 0047 8b4c 
  0x0000022e08ac6280: c40c 418b | e9ff cd85 | ed0f 8c86 | 0a00 004c | 8b9c 2498 | 0000 0041 | 23ab e800 | 0000 4585 
  0x0000022e08ac62a0: c90f 867f | 0900 004f | 8d1c c445 | 8b44 ab10 | 4585 c00f | 8485 0400 | 004b 8b84 | c490 0000 
  0x0000022e08ac62c0: 004c 8bd8 | 49ff cbf0 | 4f0f b19c | c490 0000 | 0041 0f94 | c345 0fb6 | db45 85db | 0f84 6a04 
  0x0000022e08ac62e0: 0000 e904 | ffff ff4c | 8b6c 2438 | 488b 5c24 | 3048 8b7c | 2430 4c8b | 4424 3845 | 33c9 4c89 
  0x0000022e08ac6300: 4c24 20e9 | 82fe ffff | 85ff 0f84 | 70fd ffff | 4889 8c24 | 8800 0000 | 4889 9c24 | 8000 0000 
  0x0000022e08ac6320: 4489 5424 | 7848 8954 | 2470 4889 | 7424 6844 | 894c 2454 | c5fb 114c | 2460 c5fb | 1144 2458 
  0x0000022e08ac6340: 4489 5c24 | 5044 8974 | 244c c5fa | 1154 2448 | 48ff 7424 | 2848 8f44 | 2420 488b | ac24 9000 
  0x0000022e08ac6360: 0000 4d8d | 04fc 488b | 9424 9000 | 0000 6666 | 9048 b8ff | ffff ffff | ffff ffe8 | 8046 58f7 
  0x0000022e08ac6380: 85c0 0f84 | aefc ffff | 4889 ac24 | 9000 0000 | 48ff 7424 | 2048 8f44 | 2428 c5fa | 1054 2448 
  0x0000022e08ac63a0: 448b 7424 | 4c44 8b5c | 2450 c5fb | 1044 2458 | c5fb 104c | 2460 448b | 4c24 5448 | 8b74 2468 
  0x0000022e08ac63c0: 488b 5424 | 7044 8b54 | 2478 488b | 9c24 8000 | 0000 488b | 8c24 8800 | 0000 e9e4 | fcff ff48 
  0x0000022e08ac63e0: 8b94 2490 | 0000 0048 | 8b6c 2428 | 9048 b870 | 7b32 0008 | 0000 00e8 | 445e 12ff | e947 fbff 
  0x0000022e08ac6400: ffc4 c1f9 | 7ec9 458b | 0945 85c9 | 0f84 3cfd | ffff 48ff | 7424 2048 | 8f44 2478 | 4489 5424 
  0x0000022e08ac6420: 5448 8954 | 2470 4889 | 7424 68c5 | fb11 4c24 | 60c5 fb11 | 4424 5844 | 895c 2450 | 4489 7424 
  0x0000022e08ac6440: 4cc5 fa11 | 5424 484d | 8b57 3849 | 8bc9 48c1 | e103 4d85 | d20f 84a1 | 0700 004d | 8b5f 484b 
  0x0000022e08ac6460: 894c 13f8 | 4983 c2f8 | 4d89 5738 | 488b 7c24 | 304c 8b44 | 2438 c5fa | 1054 2448 | 448b 7424 
  0x0000022e08ac6480: 4c44 8b5c | 2450 c5fb | 1044 2458 | c5fb 104c | 2460 488b | 7424 6848 | 8b54 2470 | 448b 5424 
  0x0000022e08ac64a0: 5448 ff74 | 2478 488f | 4424 20e9 | 9efc ffff | 4d8b 4f68 | 498b 4f78 | f083 4424 | c000 803b 
  0x0000022e08ac64c0: 000f 84c1 | fcff ffc6 | 0300 4d85 | c90f 8595 | 0000 004c | 8bcb 48ff | 7424 2048 | 8f44 2468 
  0x0000022e08ac64e0: 4489 5424 | 4448 8954 | 2460 4889 | 7424 58c5 | fb11 4c24 | 50c5 fb11 | 4424 4844 | 895c 2440 
  0x0000022e08ac6500: 4489 7424 | 3cc5 fa11 | 5424 384c | 8944 2420 | 4c8b f749 | 8bc9 498b | d749 bad0 | 8e60 d6fe 
  0x0000022e08ac6520: 7f00 0041 | ffd2 498b | fe4c 8b44 | 2420 c5fa | 1054 2438 | 448b 7424 | 3c44 8b5c | 2440 c5fb 
  0x0000022e08ac6540: 1044 2448 | c5fb 104c | 2450 488b | 7424 5848 | 8b54 2460 | 448b 5424 | 4448 ff74 | 2468 488f 
  0x0000022e08ac6560: 4424 20e9 | 20fc ffff | 4a89 5c09 | f849 83c1 | f84d 894f | 68e9 0efc | ffff 48ff | 7424 2048 
  0x0000022e08ac6580: 8f84 2480 | 0000 0048 | 894c 2478 | 4489 5424 | 5448 8954 | 2470 4889 | 7424 68c5 | fb11 4c24 
  0x0000022e08ac65a0: 60c5 fb11 | 4424 5844 | 895c 2450 | 4489 7424 | 4cc5 fa11 | 5424 4844 | 8b51 1845 | 85d2 7425 
  0x0000022e08ac65c0: 4d8b 5f38 | 498b ca48 | c1e1 034d | 85db 0f84 | 3d06 0000 | 4d8b 5748 | 4b89 4c1a | f849 83c3 
  0x0000022e08ac65e0: f84d 895f | 3848 8b7c | 2430 4c8b | 4424 38c5 | fa10 5424 | 4844 8b74 | 244c 448b | 5c24 50c5 
  0x0000022e08ac6600: fb10 4424 | 58c5 fb10 | 4c24 6048 | 8b74 2468 | 488b 5424 | 7044 8b54 | 2454 488b | 4c24 7848 
  0x0000022e08ac6620: ffb4 2480 | 0000 0048 | 8f44 2420 | e9da faff | ff4d 8b4f | 6849 8b4f | 78f0 8344 | 24c0 0080 
  0x0000022e08ac6640: 3b00 0f84 | f3fa ffff | c603 004d | 85c9 0f85 | 9500 0000 | 4c8b cb48 | ff74 2420 | 488f 4424 
  0x0000022e08ac6660: 6844 8954 | 2444 4889 | 5424 6048 | 8974 2458 | c5fb 114c | 2450 c5fb | 1144 2448 | 4489 5c24 
  0x0000022e08ac6680: 4044 8974 | 243c c5fa | 1154 2438 | 4c89 4424 | 204c 8bf7 | 498b c949 | 8bd7 49ba | d08e 60d6 
  0x0000022e08ac66a0: fe7f 0000 | 41ff d249 | 8bfe 4c8b | 4424 20c5 | fa10 5424 | 3844 8b74 | 243c 448b | 5c24 40c5 
  0x0000022e08ac66c0: fb10 4424 | 48c5 fb10 | 4c24 5048 | 8b74 2458 | 488b 5424 | 6044 8b54 | 2444 48ff | 7424 6848 
  0x0000022e08ac66e0: 8f44 2420 | e952 faff | ff4a 895c | 09f8 4983 | c1f8 4d89 | 4f68 e940 | faff ff4c | 8b6c 2438 
  0x0000022e08ac6700: 488b 5c24 | 3033 edba | 0700 0000 | 4533 d248 | 8b7c 2430 | 4c8b 4424 | 3845 33c9 | 4c89 4c24 
  0x0000022e08ac6720: 20e9 69fa | ffff 498b | b710 0100 | 0085 0648 | 897c 2430 | 4c89 4424 | 38e9 66f8 | ffff 41ba 
  0x0000022e08ac6740: 0100 0000 | eb06 41ba | 0100 0000 | 49c7 c0ff | ffff ff48 | 8b54 2428 | 458b cae8 | a045 58f7 
  0x0000022e08ac6760: e986 faff | ff8b 6b14 | 85ed 0f84 | c0fa ffff | 4d8b 4f38 | 488b cd48 | c1e1 034d | 85c9 0f84 
  0x0000022e08ac6780: 2005 0000 | 48ff 7424 | 2048 8f44 | 2470 4889 | 5c24 6844 | 8954 2444 | 4889 5424 | 6048 8974 
  0x0000022e08ac67a0: 2458 c5fb | 114c 2450 | c5fb 1144 | 2448 4489 | 5c24 4044 | 8974 243c | c5fa 1154 | 2438 48ff 
  0x0000022e08ac67c0: b424 9800 | 0000 488f | 4424 304c | 8944 2420 | 4c8b f748 | 8b6c 2428 | 488b 9c24 | 9000 0000 
  0x0000022e08ac67e0: 4d8b 5748 | 4b89 4c0a | f849 83c1 | f84d 894f | 3848 899c | 2490 0000 | 0048 896c | 2428 498b 
  0x0000022e08ac6800: fe4c 8b44 | 2420 48ff | 7424 3048 | 8f84 2498 | 0000 00c5 | fa10 5424 | 3844 8b74 | 243c 448b 
  0x0000022e08ac6820: 5c24 40c5 | fb10 4424 | 48c5 fb10 | 4c24 5048 | 8b74 2458 | 488b 5424 | 6044 8b54 | 2444 488b 
  0x0000022e08ac6840: 5c24 6848 | ff74 2470 | 488f 4424 | 20e9 def9 | 0000 1004 | 1000 0000 | 0000 1004 | 1000 0000 
  0x0000022e08ac6860: 0000 1004 | 1000 0000 | 0000 1004 | 1000 0000 | 0000 1004 | 1000 0000 | 0000 1004 | 1000 0000 
  0x0000022e08ac6880: 0000 1004 | 1000 0000 | 0000 1004 | 1000 0000 | 0000 1004 | 1000 0000 | 0000 1004 | 1000 0000 
  0x0000022e08ac68a0: 0000 1004 | 1000 0000 | 0000 1004 | 1000 0000 | 0000 1004 | 1000 0000 | 0000 1004 | 1000 0000 
  0x0000022e08ac68c0: 0000 1004 | 1000 0000 | 0000 1004 | 1000 0000 | 0000 1004 | 1000 0000 | 0000 1004 | 1000 0000 
  0x0000022e08ac68e0: 0000 1004 | 1000 0000 | 0000 1004 | 1000 0000 | 0000 1004 | 1000 0000 | 0000 1004 | 1000 0000 
  0x0000022e08ac6900: 0000 1004 | 1000 0000 | 0000 1004 | 1000 0000 | 0000 1004 | 1000 0000 | 0000 1004 | 1000 0000 
  0x0000022e08ac6920: 0000 1004 | 1000 0000 | 0000 1004 | 1000 0000 | 0000 1004 | 1000 0000 | 0000 1004 | 1000 0000 
  0x0000022e08ac6940: 0000 1004 | 1000 0000 | 0000 1004 | 1000 0000 | 0000 1004 | 1000 0000 | 0000 1004 | 1000 0000 
  0x0000022e08ac6960: 0000 1004 | 1000 0000 | 0000 1004 | 1000 0000 | 0000 1004 | 1000 0000 | 0000 1004 | 1000 0000 
  0x0000022e08ac6980: 0000 1004 | 1000 0000 | 0000 1004 | 1000 0000 | 0000 1004 | 1000 0000 | 0000 1004 | 1000 0000 
  0x0000022e08ac69a0: 0000 1004 | 1000 0000 | 0000 1004 | 1000 0000 | 0000 1004 | 1000 0000 | 0000 1004 | 1000 0000 
  0x0000022e08ac69c0: 0000 1004 | 1000 0000 | 0000 1004 | 1000 0000 | 0000 1004 | 1000 0000 | 0000 1004 | 1000 0000 
  0x0000022e08ac69e0: 0000 1004 | 1000 0000 | 0000 1004 | 1000 0000 | 0000 1004 | 1000 0000 | 0000 1004 | 1000 0000 
  0x0000022e08ac6a00: 0000 1004 | 1000 0000 | 0000 1004 | 1000 0000 | 0000 1004 | 1000 0000 | 0000 1004 | 1000 0000 
  0x0000022e08ac6a20: 0000 1004 | 1000 0000 | 0000 1004 | 1000 0000 | 0000 1004 | 1000 0000 | 0000 1004 | 1000 0000 
  0x0000022e08ac6a40: 0000 1004 | 1000 0000 | 0000 1004 | 1000 0000 | 0000 1004 | 1000 0000 | 0000 1004 | 1000 0000 
  0x0000022e08ac6a60: 0000 1004 | 1000 0000 | 0000 1004 | 1000 0000 | 0000 1004 | 1000 0000 | 0000 1004 | 1000 0000 
  0x0000022e08ac6a80: 0000 1004 | 1000 0000 | 0000 1004 | 1000 0000 | 0000 1004 | 1000 0000 | 0000 1004 | 1000 0000 
  0x0000022e08ac6aa0: 0000 1004 | 1000 0000 | 0000 1004 | 1000 0000 | 0000 1004 | 1000 0000 | 0000 1004 | 1000 0000 
  0x0000022e08ac6ac0: 0000 1004 | 1000 0000 | 0000 1004 | 1000 0000 | fa11 5424 | 484c 8944 | 2438 4889 | 7c24 3048 
  0x0000022e08ac6ae0: 8bce 488d | 9424 a000 | 0000 4d8b | c749 ba60 | 219d d6fe | 7f00 0041 | ffd2 488b | 7c24 304c 
  0x0000022e08ac6b00: 8b44 2438 | c5fa 1054 | 2448 448b | 7424 4c44 | 8b5c 2450 | c5fb 1044 | 2458 c5fb | 104c 2460 
  0x0000022e08ac6b20: 448b 5424 | 5448 ff74 | 2468 488f | 4424 20e9 | 68f6 ffff | 48f7 c107 | 0000 000f | 851f feff 
  0x0000022e08ac6b40: ff48 f7c1 | 0003 0000 | 750d 4881 | e07f 0300 | 004c 8bc0 | 4d0b c7f0 | 4c0f b106 | 0f85 53fe 
  0x0000022e08ac6b60: ffff e9a7 | f4ff ffba | 45ff ffff | 48ff 7424 | 2848 8f44 | 2420 4489 | 5c24 40c5 | fa11 5424 
  0x0000022e08ac6b80: 4444 894c | 244c 4489 | 4c24 5044 | 8974 2454 | 6666 90e8 | e824 58f7 | 48b9 70d1 | c1d6 fe7f 
  0x0000022e08ac6ba0: 0000 4883 | e4f0 49ba | c099 8ad6 | fe7f 0000 | 41ff d2f4 | ba45 ffff | ff48 ff74 | 2428 488f 
  0x0000022e08ac6bc0: 4424 2044 | 895c 2440 | c5fa 1154 | 2444 4489 | 4c24 4844 | 8974 244c | 6666 90e8 | a024 58f7 
  0x0000022e08ac6be0: 48b9 70d1 | c1d6 fe7f | 0000 4883 | e4f0 49ba | c099 8ad6 | fe7f 0000 | 41ff d2f4 | 498b d749 
  0x0000022e08ac6c00: baf0 8e60 | d6fe 7f00 | 0041 ffd2 | e95b f8ff | ff49 8bd7 | 49ba f08e | 60d6 fe7f | 0000 41ff 
  0x0000022e08ac6c20: d2e9 bff9 | ffff bae4 | ffff ff44 | 8944 2430 | 6666 90e8 | 4824 58f7 | 48b9 70d1 | c1d6 fe7f 
  0x0000022e08ac6c40: 0000 4883 | e4f0 49ba | c099 8ad6 | fe7f 0000 | 41ff d2f4 | ba45 ffff | ff48 ff74 | 2428 488f 
  0x0000022e08ac6c60: 4424 2044 | 895c 2440 | c5fa 1154 | 2444 4889 | 5c24 5048 | 894c 2458 | 4489 4c24 | 4c44 8974 
  0x0000022e08ac6c80: 2468 90e8 | f823 58f7 | 48b9 70d1 | c1d6 fe7f | 0000 4883 | e4f0 49ba | c099 8ad6 | fe7f 0000 
  0x0000022e08ac6ca0: 41ff d2f4 | 48ff 7424 | 2048 8f44 | 2470 4889 | 5c24 6844 | 8954 2444 | 4889 5424 | 6048 8974 
  0x0000022e08ac6cc0: 2458 c5fb | 114c 2450 | c5fb 1144 | 2448 4489 | 5c24 4044 | 8974 243c | c5fa 1154 | 2438 48ff 
  0x0000022e08ac6ce0: b424 9800 | 0000 488f | 4424 304c | 8944 2420 | 4c8b f748 | 8b6c 2428 | 488b 9c24 | 9000 0000 
  0x0000022e08ac6d00: 498b d749 | baf0 8e60 | d6fe 7f00 | 0041 ffd2 | e9dc faff | ffba 45ff | ffff 4489 | 4424 30e8 
  0x0000022e08ac6d20: 5c23 58f7 | 48b9 70d1 | c1d6 fe7f | 0000 4883 | e4f0 49ba | c099 8ad6 | fe7f 0000 | 41ff d2f4 
  0x0000022e08ac6d40: baf6 ffff | ff48 8b6c | 2428 90e8 | 3023 58f7 | 48b9 70d1 | c1d6 fe7f | 0000 4883 | e4f0 49ba 
  0x0000022e08ac6d60: c099 8ad6 | fe7f 0000 | 41ff d2f4 | 488b d0eb | 1e48 8bd0 | eb19 488b | d84c 8b5c | 2468 4c8b 
  0x0000022e08ac6d80: 5424 704d | 2313 4983 | fa05 7510 | 488b d348 | 81c4 b000 | 0000 5de9 | 64da 63f7 | 488d 8424 
  0x0000022e08ac6da0: a000 0000 | 4881 3800 | 0000 000f | 8478 0000 | 004d 8b13 | 49f7 c202 | 0000 0074 | 6448 33c0 
  0x0000022e08ac6dc0: 490b 828e | 0000 0075 | 6049 8b82 | 9e00 0000 | 490b 8296 | 0000 0075 | 0a49 c742 | 7e00 0000 
  0x0000022e08ac6de0: 00eb 4649 | 81ba a600 | 0000 0000 | 0000 7425 | 4833 c049 | c742 7e00 | 0000 00f0 | 8304 2400 
  0x0000022e08ac6e00: 4981 baa6 | 0000 0000 | 0000 0075 | 0df0 4d0f | b17a 7e75 | 0583 c801 | eb0f a900 | 0000 00eb 
  0x0000022e08ac6e20: 084c 8b10 | f04d 0fb1 | 130f 845d | ffff ff49 | 8bcb 488d | 9424 a000 | 0000 4d8b | c749 ba60 
  0x0000022e08ac6e40: 219d d6fe | 7f00 0041 | ffd2 e93d | ffff fff4 | f4f4 f4f4 | f4f4 f4f4 | f4f4 f4f4 | f4f4 f4f4 
  0x0000022e08ac6e60: 48bb 0000 | 0000 0000 | 0000 e9fb | ffff ffe9 | 0cf1 62f7 | e800 0000 | 0048 832c | 2405 e91d 
  0x0000022e08ac6e80: 2558 f7f4 | f4f4 f4f4 
[/MachCode]
--------------------------------------------------------------------------------


---------------  P R O C E S S  ---------------

Threads class SMR info:
_java_thread_list=0x0000022e1fb28bd0, length=39, elements={
0x0000022e7fc54000, 0x0000022e7fc57000, 0x0000022e15824000, 0x0000022e15827000,
0x0000022e15828800, 0x0000022e1582a000, 0x0000022e1582d000, 0x0000022e1583a000,
0x0000022e15955000, 0x0000022e159cc000, 0x0000022e16001000, 0x0000022e16001800,
0x0000022e160fa800, 0x0000022e1af2f800, 0x0000022e1e8f1800, 0x0000022e1e8fe800,
0x0000022e1e8f8000, 0x0000022e1e8f6000, 0x0000022e1e8f2000, 0x0000022e1e8f8800,
0x0000022e1e8f3000, 0x0000022e1e8f9800, 0x0000022e1e8fd800, 0x0000022e1e8fc800,
0x0000022e1e8fa800, 0x0000022e1e8ff000, 0x0000022e21e29000, 0x0000022e21e2d000,
0x0000022e21e28000, 0x0000022e21e2f800, 0x0000022e21e2a000, 0x0000022e21e30800,
0x0000022e21e2e000, 0x0000022e21e2e800, 0x0000022e21e2a800, 0x0000022e21e31000,
0x0000022e21e32000, 0x0000022e21e33000, 0x0000022e21e34800
}

Java Threads: ( => current thread )
  0x0000022e7fc54000 JavaThread "Reference Handler" daemon [_thread_blocked, id=5356, stack(0x00000088c3c00000,0x00000088c3d00000)]
  0x0000022e7fc57000 JavaThread "Finalizer" daemon [_thread_blocked, id=14904, stack(0x00000088c3d00000,0x00000088c3e00000)]
  0x0000022e15824000 JavaThread "Signal Dispatcher" daemon [_thread_blocked, id=16772, stack(0x00000088c3e00000,0x00000088c3f00000)]
  0x0000022e15827000 JavaThread "Attach Listener" daemon [_thread_blocked, id=22104, stack(0x00000088c3f00000,0x00000088c4000000)]
  0x0000022e15828800 JavaThread "Service Thread" daemon [_thread_blocked, id=18596, stack(0x00000088c4000000,0x00000088c4100000)]
  0x0000022e1582a000 JavaThread "C2 CompilerThread0" daemon [_thread_blocked, id=10692, stack(0x00000088c4100000,0x00000088c4200000)]
  0x0000022e1582d000 JavaThread "C1 CompilerThread0" daemon [_thread_blocked, id=22700, stack(0x00000088c4200000,0x00000088c4300000)]
  0x0000022e1583a000 JavaThread "Sweeper thread" daemon [_thread_blocked, id=17892, stack(0x00000088c4300000,0x00000088c4400000)]
  0x0000022e15955000 JavaThread "Common-Cleaner" daemon [_thread_blocked, id=12308, stack(0x00000088c4400000,0x00000088c4500000)]
  0x0000022e159cc000 JavaThread "Notification Thread" daemon [_thread_blocked, id=8080, stack(0x00000088c4600000,0x00000088c4700000)]
  0x0000022e16001000 JavaThread "RMI TCP Accept-0" daemon [_thread_in_native, id=17556, stack(0x00000088c4700000,0x00000088c4800000)]
  0x0000022e16001800 JavaThread "RMI TCP Accept-1358" daemon [_thread_in_native, id=3012, stack(0x00000088c4800000,0x00000088c4900000)]
  0x0000022e160fa800 JavaThread "RMI TCP Accept-0" daemon [_thread_in_native, id=13396, stack(0x00000088c4900000,0x00000088c4a00000)]
  0x0000022e1af2f800 JavaThread "mysql-cj-abandoned-connection-cleanup" daemon [_thread_blocked, id=20060, stack(0x00000088c5600000,0x00000088c5700000)]
  0x0000022e1e8f1800 JavaThread "Live Reload Server" daemon [_thread_in_native, id=20080, stack(0x00000088c6500000,0x00000088c6600000)]
  0x0000022e1e8fe800 JavaThread "DestroyJavaVM" [_thread_blocked, id=16172, stack(0x00000088c3500000,0x00000088c3600000)]
  0x0000022e1e8f8000 JavaThread "HikariPool-5 housekeeper" daemon [_thread_blocked, id=7504, stack(0x00000088c5500000,0x00000088c5600000)]
  0x0000022e1e8f6000 JavaThread "Catalina-utility-1" [_thread_blocked, id=21148, stack(0x00000088c5b00000,0x00000088c5c00000)]
  0x0000022e1e8f2000 JavaThread "Catalina-utility-2" [_thread_blocked, id=19488, stack(0x00000088c5c00000,0x00000088c5d00000)]
  0x0000022e1e8f8800 JavaThread "container-0" [_thread_blocked, id=18132, stack(0x00000088c5d00000,0x00000088c5e00000)]
  0x0000022e1e8f3000 JavaThread "Hibernate Search - Engine - Timing thread - 0" [_thread_blocked, id=14804, stack(0x00000088c5e00000,0x00000088c5f00000)]
  0x0000022e1e8f9800 JavaThread "Hibernate Search - default backend - Worker thread - 0" [_thread_blocked, id=15116, stack(0x00000088c5f00000,0x00000088c6000000)]
  0x0000022e1e8fd800 JavaThread "File Watcher" daemon [_thread_blocked, id=10176, stack(0x00000088c6100000,0x00000088c6200000)]
  0x0000022e1e8fc800 JavaThread "http-nio-8090-BlockPoller" daemon [_thread_in_native, id=13212, stack(0x00000088c6200000,0x00000088c6300000)]
  0x0000022e1e8fa800 JavaThread "http-nio-8090-exec-1" daemon [_thread_blocked, id=12540, stack(0x00000088c6300000,0x00000088c6400000)]
  0x0000022e1e8ff000 JavaThread "http-nio-8090-exec-2" daemon [_thread_blocked, id=10664, stack(0x00000088c6400000,0x00000088c6500000)]
  0x0000022e21e29000 JavaThread "http-nio-8090-exec-3" daemon [_thread_blocked, id=22672, stack(0x00000088c6600000,0x00000088c6700000)]
  0x0000022e21e2d000 JavaThread "http-nio-8090-exec-4" daemon [_thread_blocked, id=14676, stack(0x00000088c6700000,0x00000088c6800000)]
  0x0000022e21e28000 JavaThread "http-nio-8090-exec-5" daemon [_thread_blocked, id=4212, stack(0x00000088c6800000,0x00000088c6900000)]
  0x0000022e21e2f800 JavaThread "http-nio-8090-exec-6" daemon [_thread_blocked, id=8728, stack(0x00000088c6900000,0x00000088c6a00000)]
  0x0000022e21e2a000 JavaThread "http-nio-8090-exec-7" daemon [_thread_blocked, id=21612, stack(0x00000088c6a00000,0x00000088c6b00000)]
  0x0000022e21e30800 JavaThread "http-nio-8090-exec-8" daemon [_thread_blocked, id=17180, stack(0x00000088c6b00000,0x00000088c6c00000)]
  0x0000022e21e2e000 JavaThread "http-nio-8090-exec-9" daemon [_thread_blocked, id=23172, stack(0x00000088c6c00000,0x00000088c6d00000)]
  0x0000022e21e2e800 JavaThread "http-nio-8090-exec-10" daemon [_thread_blocked, id=17772, stack(0x00000088c6d00000,0x00000088c6e00000)]
  0x0000022e21e2a800 JavaThread "http-nio-8090-ClientPoller" daemon [_thread_in_native, id=17648, stack(0x00000088c6e00000,0x00000088c6f00000)]
  0x0000022e21e31000 JavaThread "http-nio-8090-Acceptor" daemon [_thread_in_native, id=17252, stack(0x00000088c6f00000,0x00000088c7000000)]
  0x0000022e21e32000 JavaThread "pool-5-thread-1" [_thread_blocked, id=23216, stack(0x00000088c7000000,0x00000088c7100000)]
  0x0000022e21e33000 JavaThread "HikariPool-5 connection closer" daemon [_thread_blocked, id=16272, stack(0x00000088c3200000,0x00000088c3300000)]
=>0x0000022e21e34800 JavaThread "HikariPool-5 connection adder" daemon [_thread_in_Java, id=14368, stack(0x00000088c3300000,0x00000088c3400000)]

Other Threads:
  0x0000022e7fc51800 VMThread "VM Thread" [stack: 0x00000088c3b00000,0x00000088c3c00000] [id=19964]
  0x0000022e160fb000 WatcherThread [stack: 0x00000088c4a00000,0x00000088c4b00000] [id=10816]
  0x0000022e6ed0e800 GCTaskThread "GC Thread#0" [stack: 0x00000088c3600000,0x00000088c3700000] [id=22188]
  0x0000022e161f2800 GCTaskThread "GC Thread#1" [stack: 0x00000088c4b00000,0x00000088c4c00000] [id=9504]
  0x0000022e16979800 GCTaskThread "GC Thread#2" [stack: 0x00000088c4c00000,0x00000088c4d00000] [id=15108]
  0x0000022e16843800 GCTaskThread "GC Thread#3" [stack: 0x00000088c4d00000,0x00000088c4e00000] [id=5648]
  0x0000022e16844000 GCTaskThread "GC Thread#4" [stack: 0x00000088c4e00000,0x00000088c4f00000] [id=10884]
  0x0000022e16873800 GCTaskThread "GC Thread#5" [stack: 0x00000088c4f00000,0x00000088c5000000] [id=21560]
  0x0000022e188d9800 GCTaskThread "GC Thread#6" [stack: 0x00000088c5800000,0x00000088c5900000] [id=16256]
  0x0000022e187dc800 GCTaskThread "GC Thread#7" [stack: 0x00000088c5900000,0x00000088c5a00000] [id=12496]
  0x0000022e6ed31000 ConcurrentGCThread "G1 Main Marker" [stack: 0x00000088c3700000,0x00000088c3800000] [id=12912]
  0x0000022e6ed32800 ConcurrentGCThread "G1 Conc#0" [stack: 0x00000088c3800000,0x00000088c3900000] [id=23716]
  0x0000022e18d86800 ConcurrentGCThread "G1 Conc#1" [stack: 0x00000088c5a00000,0x00000088c5b00000] [id=4480]
  0x0000022e7fb37000 ConcurrentGCThread "G1 Refine#0" [stack: 0x00000088c3900000,0x00000088c3a00000] [id=15092]
  0x0000022e1689c000 ConcurrentGCThread "G1 Refine#1" [stack: 0x00000088c5000000,0x00000088c5100000] [id=4316]
  0x0000022e16874000 ConcurrentGCThread "G1 Refine#2" [stack: 0x00000088c5100000,0x00000088c5200000] [id=21340]
  0x0000022e16111800 ConcurrentGCThread "G1 Refine#3" [stack: 0x00000088c5200000,0x00000088c5300000] [id=7096]
  0x0000022e7fb38800 ConcurrentGCThread "G1 Young RemSet Sampling" [stack: 0x00000088c3a00000,0x00000088c3b00000] [id=12768]

Threads with active compile tasks:

VM state:not at safepoint (normal execution)

VM Mutex/Monitor currently owned by a thread: None

Heap address: 0x0000000701e00000, size: 4066 MB, Compressed Oops mode: Zero based, Oop shift amount: 3
Narrow klass base: 0x0000000800000000, Narrow klass shift: 3
Compressed class space size: 1073741824 Address: 0x0000000800b40000

Heap:
 garbage-first heap   total 124928K, used 53762K [0x0000000701e00000, 0x0000000800000000)
  region size 1024K, 3 young (3072K), 1 survivors (1024K)
 Metaspace       used 91765K, capacity 94832K, committed 95132K, reserved 1132544K
  class space    used 11359K, capacity 12465K, committed 12544K, reserved 1048576K
Heap Regions: E=young(eden), S=young(survivor), O=old, HS=humongous(starts), HC=humongous(continues), CS=collection set, F=free, OA=open archive, CA=closed archive, TAMS=top-at-mark-start (previous, next)
|   0|0x0000000701e00000, 0x0000000701f00000, 0x0000000701f00000|100%|HS|  |TAMS 0x0000000701e00000, 0x0000000701e00000| Untracked 
|   1|0x0000000701f00000, 0x0000000701fffaa0, 0x0000000702000000| 99%| O|  |TAMS 0x0000000701f00000, 0x0000000701f00000| Untracked 
|   2|0x0000000702000000, 0x00000007020fae98, 0x0000000702100000| 98%| O|  |TAMS 0x0000000702000000, 0x0000000702000000| Untracked 
|   3|0x0000000702100000, 0x00000007021ffd20, 0x0000000702200000| 99%| O|  |TAMS 0x0000000702100000, 0x0000000702100000| Untracked 
|   4|0x0000000702200000, 0x00000007022ffff8, 0x0000000702300000| 99%| O|  |TAMS 0x0000000702200000, 0x0000000702200000| Untracked 
|   5|0x0000000702300000, 0x00000007023ffff8, 0x0000000702400000| 99%| O|  |TAMS 0x0000000702300000, 0x0000000702300000| Untracked 
|   6|0x0000000702400000, 0x00000007024ffff0, 0x0000000702500000| 99%| O|  |TAMS 0x0000000702400000, 0x0000000702400000| Untracked 
|   7|0x0000000702500000, 0x00000007025fcc18, 0x0000000702600000| 98%| O|  |TAMS 0x0000000702500000, 0x0000000702500000| Untracked 
|   8|0x0000000702600000, 0x00000007026fffc0, 0x0000000702700000| 99%| O|  |TAMS 0x0000000702600000, 0x0000000702600000| Untracked 
|   9|0x0000000702700000, 0x00000007027ffff0, 0x0000000702800000| 99%| O|  |TAMS 0x0000000702700000, 0x0000000702700000| Untracked 
|  10|0x0000000702800000, 0x00000007028fff78, 0x0000000702900000| 99%| O|  |TAMS 0x0000000702800000, 0x0000000702800000| Untracked 
|  11|0x0000000702900000, 0x00000007029ffff0, 0x0000000702a00000| 99%| O|  |TAMS 0x0000000702900000, 0x0000000702900000| Untracked 
|  12|0x0000000702a00000, 0x0000000702afffc0, 0x0000000702b00000| 99%| O|  |TAMS 0x0000000702a00000, 0x0000000702a00000| Untracked 
|  13|0x0000000702b00000, 0x0000000702bfffe0, 0x0000000702c00000| 99%| O|  |TAMS 0x0000000702b00000, 0x0000000702b00000| Untracked 
|  14|0x0000000702c00000, 0x0000000702cffff8, 0x0000000702d00000| 99%| O|  |TAMS 0x0000000702c00000, 0x0000000702c00000| Untracked 
|  15|0x0000000702d00000, 0x0000000702dfff18, 0x0000000702e00000| 99%| O|  |TAMS 0x0000000702d00000, 0x0000000702d00000| Untracked 
|  16|0x0000000702e00000, 0x0000000702efffc8, 0x0000000702f00000| 99%| O|  |TAMS 0x0000000702e00000, 0x0000000702e00000| Untracked 
|  17|0x0000000702f00000, 0x0000000702ffffe8, 0x0000000703000000| 99%| O|  |TAMS 0x0000000702f00000, 0x0000000702f00000| Untracked 
|  18|0x0000000703000000, 0x00000007030fffd0, 0x0000000703100000| 99%| O|  |TAMS 0x0000000703000000, 0x0000000703000000| Untracked 
|  19|0x0000000703100000, 0x0000000703200000, 0x0000000703200000|100%| O|  |TAMS 0x0000000703100000, 0x0000000703100000| Untracked 
|  20|0x0000000703200000, 0x00000007032ffff8, 0x0000000703300000| 99%| O|  |TAMS 0x0000000703200000, 0x0000000703200000| Untracked 
|  21|0x0000000703300000, 0x00000007033fffc8, 0x0000000703400000| 99%| O|  |TAMS 0x0000000703300000, 0x0000000703300000| Untracked 
|  22|0x0000000703400000, 0x0000000703500000, 0x0000000703500000|100%| O|  |TAMS 0x0000000703400000, 0x0000000703400000| Untracked 
|  23|0x0000000703500000, 0x00000007035fffd8, 0x0000000703600000| 99%| O|  |TAMS 0x0000000703500000, 0x0000000703500000| Untracked 
|  24|0x0000000703600000, 0x00000007036ffff0, 0x0000000703700000| 99%| O|  |TAMS 0x0000000703600000, 0x0000000703600000| Untracked 
|  25|0x0000000703700000, 0x0000000703800000, 0x0000000703800000|100%| O|  |TAMS 0x0000000703700000, 0x0000000703700000| Untracked 
|  26|0x0000000703800000, 0x00000007038fffe8, 0x0000000703900000| 99%| O|  |TAMS 0x0000000703800000, 0x0000000703800000| Untracked 
|  27|0x0000000703900000, 0x00000007039ffff8, 0x0000000703a00000| 99%| O|  |TAMS 0x0000000703900000, 0x0000000703900000| Untracked 
|  28|0x0000000703a00000, 0x0000000703b00000, 0x0000000703b00000|100%| O|  |TAMS 0x0000000703a00000, 0x0000000703a00000| Untracked 
|  29|0x0000000703b00000, 0x0000000703c00000, 0x0000000703c00000|100%| O|  |TAMS 0x0000000703b00000, 0x0000000703b00000| Untracked 
|  30|0x0000000703c00000, 0x0000000703cffff8, 0x0000000703d00000| 99%| O|  |TAMS 0x0000000703c00000, 0x0000000703c00000| Untracked 
|  31|0x0000000703d00000, 0x0000000703dfffe8, 0x0000000703e00000| 99%| O|  |TAMS 0x0000000703d00000, 0x0000000703d00000| Untracked 
|  32|0x0000000703e00000, 0x0000000703effff8, 0x0000000703f00000| 99%| O|  |TAMS 0x0000000703e00000, 0x0000000703e00000| Untracked 
|  33|0x0000000703f00000, 0x0000000703ffffe8, 0x0000000704000000| 99%| O|  |TAMS 0x0000000703f00000, 0x0000000703f00000| Untracked 
|  34|0x0000000704000000, 0x0000000704100000, 0x0000000704100000|100%| O|  |TAMS 0x0000000704000000, 0x0000000704000000| Untracked 
|  35|0x0000000704100000, 0x00000007041ffff8, 0x0000000704200000| 99%| O|  |TAMS 0x0000000704100000, 0x0000000704100000| Untracked 
|  36|0x0000000704200000, 0x0000000704219ef8, 0x0000000704300000| 10%| O|  |TAMS 0x0000000704200000, 0x0000000704200000| Untracked 
|  37|0x0000000704300000, 0x0000000704400000, 0x0000000704400000|100%| O|  |TAMS 0x0000000704300000, 0x0000000704300000| Untracked 
|  38|0x0000000704400000, 0x0000000704500000, 0x0000000704500000|100%| O|  |TAMS 0x0000000704400000, 0x0000000704400000| Untracked 
|  39|0x0000000704500000, 0x00000007045ffff0, 0x0000000704600000| 99%| O|  |TAMS 0x0000000704500000, 0x0000000704500000| Untracked 
|  40|0x0000000704600000, 0x000000070467f0b0, 0x0000000704700000| 49%| O|  |TAMS 0x0000000704600000, 0x0000000704600000| Untracked 
|  41|0x0000000704700000, 0x0000000704800000, 0x0000000704800000|100%| O|  |TAMS 0x0000000704700000, 0x0000000704700000| Untracked 
|  42|0x0000000704800000, 0x0000000704900000, 0x0000000704900000|100%| O|  |TAMS 0x0000000704800000, 0x0000000704800000| Untracked 
|  43|0x0000000704900000, 0x00000007049ff318, 0x0000000704a00000| 99%| O|  |TAMS 0x0000000704900000, 0x0000000704900000| Untracked 
|  44|0x0000000704a00000, 0x0000000704a911b0, 0x0000000704b00000| 56%| O|  |TAMS 0x0000000704a00000, 0x0000000704a00000| Untracked 
|  45|0x0000000704b00000, 0x0000000704c00000, 0x0000000704c00000|100%| O|  |TAMS 0x0000000704b00000, 0x0000000704b00000| Untracked 
|  46|0x0000000704c00000, 0x0000000704d00000, 0x0000000704d00000|100%| O|  |TAMS 0x0000000704c00000, 0x0000000704c00000| Untracked 
|  47|0x0000000704d00000, 0x0000000704e00000, 0x0000000704e00000|100%| O|  |TAMS 0x0000000704d00000, 0x0000000704d00000| Untracked 
|  48|0x0000000704e00000, 0x0000000704f00000, 0x0000000704f00000|100%| O|  |TAMS 0x0000000704e00000, 0x0000000704e00000| Untracked 
|  49|0x0000000704f00000, 0x0000000705000000, 0x0000000705000000|100%| O|  |TAMS 0x0000000704f00000, 0x0000000704f00000| Untracked 
|  50|0x0000000705000000, 0x0000000705100000, 0x0000000705100000|100%| O|  |TAMS 0x0000000705000000, 0x0000000705000000| Untracked 
|  51|0x0000000705100000, 0x000000070510da00, 0x0000000705200000|  5%| O|  |TAMS 0x0000000705100000, 0x0000000705100000| Untracked 
|  52|0x0000000705200000, 0x0000000705200000, 0x0000000705300000|  0%| F|  |TAMS 0x0000000705200000, 0x0000000705200000| Untracked 
|  53|0x0000000705300000, 0x0000000705300000, 0x0000000705400000|  0%| F|  |TAMS 0x0000000705300000, 0x0000000705300000| Untracked 
|  54|0x0000000705400000, 0x0000000705400000, 0x0000000705500000|  0%| F|  |TAMS 0x0000000705400000, 0x0000000705400000| Untracked 
|  55|0x0000000705500000, 0x0000000705500000, 0x0000000705600000|  0%| F|  |TAMS 0x0000000705500000, 0x0000000705500000| Untracked 
|  56|0x0000000705600000, 0x0000000705600000, 0x0000000705700000|  0%| F|  |TAMS 0x0000000705600000, 0x0000000705600000| Untracked 
|  57|0x0000000705700000, 0x0000000705700000, 0x0000000705800000|  0%| F|  |TAMS 0x0000000705700000, 0x0000000705700000| Untracked 
|  58|0x0000000705800000, 0x0000000705800000, 0x0000000705900000|  0%| F|  |TAMS 0x0000000705800000, 0x0000000705800000| Untracked 
|  59|0x0000000705900000, 0x0000000705900000, 0x0000000705a00000|  0%| F|  |TAMS 0x0000000705900000, 0x0000000705900000| Untracked 
|  60|0x0000000705a00000, 0x0000000705a00000, 0x0000000705b00000|  0%| F|  |TAMS 0x0000000705a00000, 0x0000000705a00000| Untracked 
|  61|0x0000000705b00000, 0x0000000705b00000, 0x0000000705c00000|  0%| F|  |TAMS 0x0000000705b00000, 0x0000000705b00000| Untracked 
|  62|0x0000000705c00000, 0x0000000705c00000, 0x0000000705d00000|  0%| F|  |TAMS 0x0000000705c00000, 0x0000000705c00000| Untracked 
|  63|0x0000000705d00000, 0x0000000705d00000, 0x0000000705e00000|  0%| F|  |TAMS 0x0000000705d00000, 0x0000000705d00000| Untracked 
|  64|0x0000000705e00000, 0x0000000705e00000, 0x0000000705f00000|  0%| F|  |TAMS 0x0000000705e00000, 0x0000000705e00000| Untracked 
|  65|0x0000000705f00000, 0x0000000705f99b60, 0x0000000706000000| 60%| S|CS|TAMS 0x0000000705f00000, 0x0000000705f00000| Complete 
|  66|0x0000000706000000, 0x00000007060e2a20, 0x0000000706100000| 88%| O|  |TAMS 0x0000000706000000, 0x0000000706000000| Untracked 
|  67|0x0000000706100000, 0x0000000706100000, 0x0000000706200000|  0%| F|  |TAMS 0x0000000706100000, 0x0000000706100000| Untracked 
|  68|0x0000000706200000, 0x00000007062d6888, 0x0000000706300000| 83%| O|  |TAMS 0x0000000706200000, 0x0000000706200000| Untracked 
|  69|0x0000000706300000, 0x0000000706300000, 0x0000000706400000|  0%| F|  |TAMS 0x0000000706300000, 0x0000000706300000| Untracked 
|  70|0x0000000706400000, 0x0000000706400000, 0x0000000706500000|  0%| F|  |TAMS 0x0000000706400000, 0x0000000706400000| Untracked 
|  71|0x0000000706500000, 0x0000000706500000, 0x0000000706600000|  0%| F|  |TAMS 0x0000000706500000, 0x0000000706500000| Untracked 
|  72|0x0000000706600000, 0x0000000706600000, 0x0000000706700000|  0%| F|  |TAMS 0x0000000706600000, 0x0000000706600000| Untracked 
|  73|0x0000000706700000, 0x0000000706700000, 0x0000000706800000|  0%| F|  |TAMS 0x0000000706700000, 0x0000000706700000| Untracked 
|  74|0x0000000706800000, 0x0000000706800000, 0x0000000706900000|  0%| F|  |TAMS 0x0000000706800000, 0x0000000706800000| Untracked 
|  75|0x0000000706900000, 0x0000000706900000, 0x0000000706a00000|  0%| F|  |TAMS 0x0000000706900000, 0x0000000706900000| Untracked 
|  76|0x0000000706a00000, 0x0000000706a00000, 0x0000000706b00000|  0%| F|  |TAMS 0x0000000706a00000, 0x0000000706a00000| Untracked 
|  77|0x0000000706b00000, 0x0000000706b00000, 0x0000000706c00000|  0%| F|  |TAMS 0x0000000706b00000, 0x0000000706b00000| Untracked 
|  78|0x0000000706c00000, 0x0000000706c00000, 0x0000000706d00000|  0%| F|  |TAMS 0x0000000706c00000, 0x0000000706c00000| Untracked 
|  79|0x0000000706d00000, 0x0000000706d00000, 0x0000000706e00000|  0%| F|  |TAMS 0x0000000706d00000, 0x0000000706d00000| Untracked 
|  80|0x0000000706e00000, 0x0000000706e00000, 0x0000000706f00000|  0%| F|  |TAMS 0x0000000706e00000, 0x0000000706e00000| Untracked 
|  81|0x0000000706f00000, 0x0000000706f00000, 0x0000000707000000|  0%| F|  |TAMS 0x0000000706f00000, 0x0000000706f00000| Untracked 
|  82|0x0000000707000000, 0x0000000707000000, 0x0000000707100000|  0%| F|  |TAMS 0x0000000707000000, 0x0000000707000000| Untracked 
|  83|0x0000000707100000, 0x0000000707100000, 0x0000000707200000|  0%| F|  |TAMS 0x0000000707100000, 0x0000000707100000| Untracked 
|  84|0x0000000707200000, 0x0000000707200000, 0x0000000707300000|  0%| F|  |TAMS 0x0000000707200000, 0x0000000707200000| Untracked 
|  85|0x0000000707300000, 0x0000000707300000, 0x0000000707400000|  0%| F|  |TAMS 0x0000000707300000, 0x0000000707300000| Untracked 
|  86|0x0000000707400000, 0x0000000707400000, 0x0000000707500000|  0%| F|  |TAMS 0x0000000707400000, 0x0000000707400000| Untracked 
|  87|0x0000000707500000, 0x0000000707500000, 0x0000000707600000|  0%| F|  |TAMS 0x0000000707500000, 0x0000000707500000| Untracked 
|  88|0x0000000707600000, 0x0000000707600000, 0x0000000707700000|  0%| F|  |TAMS 0x0000000707600000, 0x0000000707600000| Untracked 
|  89|0x0000000707700000, 0x0000000707700000, 0x0000000707800000|  0%| F|  |TAMS 0x0000000707700000, 0x0000000707700000| Untracked 
|  90|0x0000000707800000, 0x0000000707800000, 0x0000000707900000|  0%| F|  |TAMS 0x0000000707800000, 0x0000000707800000| Untracked 
|  91|0x0000000707900000, 0x0000000707900000, 0x0000000707a00000|  0%| F|  |TAMS 0x0000000707900000, 0x0000000707900000| Untracked 
|  92|0x0000000707a00000, 0x0000000707a00000, 0x0000000707b00000|  0%| F|  |TAMS 0x0000000707a00000, 0x0000000707a00000| Untracked 
|  93|0x0000000707b00000, 0x0000000707b00000, 0x0000000707c00000|  0%| F|  |TAMS 0x0000000707b00000, 0x0000000707b00000| Untracked 
|  94|0x0000000707c00000, 0x0000000707c00000, 0x0000000707d00000|  0%| F|  |TAMS 0x0000000707c00000, 0x0000000707c00000| Untracked 
|  95|0x0000000707d00000, 0x0000000707d00000, 0x0000000707e00000|  0%| F|  |TAMS 0x0000000707d00000, 0x0000000707d00000| Untracked 
|  96|0x0000000707e00000, 0x0000000707e00000, 0x0000000707f00000|  0%| F|  |TAMS 0x0000000707e00000, 0x0000000707e00000| Untracked 
|  97|0x0000000707f00000, 0x0000000707f00000, 0x0000000708000000|  0%| F|  |TAMS 0x0000000707f00000, 0x0000000707f00000| Untracked 
|  98|0x0000000708000000, 0x0000000708000000, 0x0000000708100000|  0%| F|  |TAMS 0x0000000708000000, 0x0000000708000000| Untracked 
|  99|0x0000000708100000, 0x0000000708100000, 0x0000000708200000|  0%| F|  |TAMS 0x0000000708100000, 0x0000000708100000| Untracked 
| 100|0x0000000708200000, 0x0000000708200000, 0x0000000708300000|  0%| F|  |TAMS 0x0000000708200000, 0x0000000708200000| Untracked 
| 101|0x0000000708300000, 0x0000000708300000, 0x0000000708400000|  0%| F|  |TAMS 0x0000000708300000, 0x0000000708300000| Untracked 
| 102|0x0000000708400000, 0x0000000708400000, 0x0000000708500000|  0%| F|  |TAMS 0x0000000708400000, 0x0000000708400000| Untracked 
| 103|0x0000000708500000, 0x0000000708500000, 0x0000000708600000|  0%| F|  |TAMS 0x0000000708500000, 0x0000000708500000| Untracked 
| 104|0x0000000708600000, 0x0000000708600000, 0x0000000708700000|  0%| F|  |TAMS 0x0000000708600000, 0x0000000708600000| Untracked 
| 105|0x0000000708700000, 0x0000000708700000, 0x0000000708800000|  0%| F|  |TAMS 0x0000000708700000, 0x0000000708700000| Untracked 
| 106|0x0000000708800000, 0x0000000708800000, 0x0000000708900000|  0%| F|  |TAMS 0x0000000708800000, 0x0000000708800000| Untracked 
| 107|0x0000000708900000, 0x0000000708900000, 0x0000000708a00000|  0%| F|  |TAMS 0x0000000708900000, 0x0000000708900000| Untracked 
| 108|0x0000000708a00000, 0x0000000708a00000, 0x0000000708b00000|  0%| F|  |TAMS 0x0000000708a00000, 0x0000000708a00000| Untracked 
| 109|0x0000000708b00000, 0x0000000708b00000, 0x0000000708c00000|  0%| F|  |TAMS 0x0000000708b00000, 0x0000000708b00000| Untracked 
| 110|0x0000000708c00000, 0x0000000708c00000, 0x0000000708d00000|  0%| F|  |TAMS 0x0000000708c00000, 0x0000000708c00000| Untracked 
| 111|0x0000000708d00000, 0x0000000708d00000, 0x0000000708e00000|  0%| F|  |TAMS 0x0000000708d00000, 0x0000000708d00000| Untracked 
| 112|0x0000000708e00000, 0x0000000708e00000, 0x0000000708f00000|  0%| F|  |TAMS 0x0000000708e00000, 0x0000000708e00000| Untracked 
| 145|0x000000070af00000, 0x000000070af00000, 0x000000070b000000|  0%| F|  |TAMS 0x000000070af00000, 0x000000070af00000| Untracked 
| 146|0x000000070b000000, 0x000000070b000000, 0x000000070b100000|  0%| F|  |TAMS 0x000000070b000000, 0x000000070b000000| Untracked 
| 147|0x000000070b100000, 0x000000070b100000, 0x000000070b200000|  0%| F|  |TAMS 0x000000070b100000, 0x000000070b100000| Untracked 
| 148|0x000000070b200000, 0x000000070b200000, 0x000000070b300000|  0%| F|  |TAMS 0x000000070b200000, 0x000000070b200000| Untracked 
| 149|0x000000070b300000, 0x000000070b300000, 0x000000070b400000|  0%| F|  |TAMS 0x000000070b300000, 0x000000070b300000| Untracked 
| 150|0x000000070b400000, 0x000000070b400000, 0x000000070b500000|  0%| F|  |TAMS 0x000000070b400000, 0x000000070b400000| Untracked 
| 151|0x000000070b500000, 0x000000070b500000, 0x000000070b600000|  0%| F|  |TAMS 0x000000070b500000, 0x000000070b500000| Untracked 
| 153|0x000000070b700000, 0x000000070b7c9e28, 0x000000070b800000| 78%| E|  |TAMS 0x000000070b700000, 0x000000070b700000| Complete 
| 255|0x0000000711d00000, 0x0000000711e00000, 0x0000000711e00000|100%| E|CS|TAMS 0x0000000711d00000, 0x0000000711d00000| Complete 

Card table byte_map: [0x0000022e7a140000,0x0000022e7a940000] _byte_map_base: 0x0000022e76931000

Marking Bits (Prev, Next): (CMBitMap*) 0x0000022e6ed0f598, (CMBitMap*) 0x0000022e6ed0f558
 Prev Bits: [0x0000022e0f000000, 0x0000022e12f88000)
 Next Bits: [0x0000022e7b140000, 0x0000022e7f0c8000)

Polling page: 0x0000022e6ed70000

Metaspace:

Usage:
  Non-class:     80.44 MB capacity,    78.52 MB ( 98%) used,     1.55 MB (  2%) free+waste,   372.88 KB ( <1%) overhead. 
      Class:     12.17 MB capacity,    11.09 MB ( 91%) used,   937.55 KB (  8%) free+waste,   167.88 KB (  1%) overhead. 
       Both:     92.61 MB capacity,    89.61 MB ( 97%) used,     2.47 MB (  3%) free+waste,   540.75 KB ( <1%) overhead. 

Virtual space:
  Non-class space:       82.00 MB reserved,      80.65 MB ( 98%) committed 
      Class space:        1.00 GB reserved,      12.25 MB (  1%) committed 
             Both:        1.08 GB reserved,      92.90 MB (  8%) committed 

Chunk freelists:
   Non-Class:  29.00 KB
       Class:  0 bytes
        Both:  29.00 KB

MaxMetaspaceSize: 17179869184.00 GB
CompressedClassSpaceSize: 1.00 GB

CodeHeap 'non-profiled nmethods': size=120000Kb used=16348Kb max_used=16348Kb free=103651Kb
 bounds [0x0000022e07ad0000, 0x0000022e08ad0000, 0x0000022e0f000000]
CodeHeap 'profiled nmethods': size=120000Kb used=34789Kb max_used=34789Kb free=85210Kb
 bounds [0x0000022e005a0000, 0x0000022e027a0000, 0x0000022e07ad0000]
CodeHeap 'non-nmethods': size=5760Kb used=1380Kb max_used=1500Kb free=4379Kb
 bounds [0x0000022e00000000, 0x0000022e00270000, 0x0000022e005a0000]
 total_blobs=16436 nmethods=15757 adapters=590
 compilation: enabled
              stopped_count=0, restarted_count=0
 full_count=0

Compilation events (20 events):
Event: 19385.952 Thread 0x0000022e1582d000 19212   !   3       com.mysql.cj.protocol.ReadAheadInputStream::close (51 bytes)
Event: 19385.953 Thread 0x0000022e1582d000 nmethod 19212 0x0000022e02789290 code [0x0000022e02789440, 0x0000022e027897e8]
Event: 19385.953 Thread 0x0000022e1582d000 19213   !   3       java.io.FilterOutputStream::close (183 bytes)
Event: 19385.953 Thread 0x0000022e1582d000 nmethod 19213 0x0000022e02789910 code [0x0000022e02789b60, 0x0000022e0278a818]
Event: 19389.884 Thread 0x0000022e1582a000 19214       4       java.util.concurrent.locks.AbstractQueuedSynchronizer$ConditionObject::signal (34 bytes)
Event: 19389.889 Thread 0x0000022e1582d000 19215   !   3       com.mysql.cj.NativeSession::loadServerVariables (959 bytes)
Event: 19389.891 Thread 0x0000022e1582a000 nmethod 19214 0x0000022e08ac4c10 code [0x0000022e08ac4e00, 0x0000022e08ac5648]
Event: 19389.896 Thread 0x0000022e1582d000 nmethod 19215 0x0000022e0278ab10 code [0x0000022e0278b8c0, 0x0000022e02794c48]
Event: 19412.679 Thread 0x0000022e1582a000 19216   !   4       java.util.concurrent.ConcurrentHashMap::replaceNode (437 bytes)
Event: 19412.680 Thread 0x0000022e1582d000 19217       3       java.lang.invoke.VarHandle::acquireFence (7 bytes)
Event: 19412.680 Thread 0x0000022e1582d000 nmethod 19217 0x0000022e00df2c10 code [0x0000022e00df2da0, 0x0000022e00df2e98]
Event: 19412.686 Thread 0x0000022e1582d000 19219       3       java.lang.Long::toString (55 bytes)
Event: 19412.686 Thread 0x0000022e1582d000 nmethod 19219 0x0000022e02798a10 code [0x0000022e02798be0, 0x0000022e02798f78]
Event: 19412.692 Thread 0x0000022e1582a000 nmethod 19216 0x0000022e08ac5c90 code [0x0000022e08ac5e80, 0x0000022e08ac6e88]
Event: 20345.909 Thread 0x0000022e1582d000 19220       3       org.springframework.jdbc.core.JdbcTemplate::update (31 bytes)
Event: 20345.910 Thread 0x0000022e1582d000 nmethod 19220 0x0000022e02799110 code [0x0000022e02799340, 0x0000022e02799ce8]
Event: 20825.912 Thread 0x0000022e1582d000 19221       3       java.time.LocalTime::equals (71 bytes)
Event: 20825.912 Thread 0x0000022e1582d000 nmethod 19221 0x0000022e0279a010 code [0x0000022e0279a1c0, 0x0000022e0279a6b8]
Event: 21112.670 Thread 0x0000022e1582d000 19222       3       com.zaxxer.hikari.pool.HikariPool$PoolEntryCreator::call (5 bytes)
Event: 21112.670 Thread 0x0000022e1582d000 nmethod 19222 0x0000022e0279a790 code [0x0000022e0279a940, 0x0000022e0279aa88]

GC Heap History (20 events):
Event: 17345.132 GC heap before
{Heap before GC invocations=97 (full 4):
 garbage-first heap   total 124928K, used 106129K [0x0000000701e00000, 0x0000000800000000)
  region size 1024K, 55 young (56320K), 3 survivors (3072K)
 Metaspace       used 91733K, capacity 94768K, committed 94876K, reserved 1132544K
  class space    used 11359K, capacity 12465K, committed 12544K, reserved 1048576K
}
Event: 17345.135 GC heap after
{Heap after GC invocations=98 (full 4):
 garbage-first heap   total 124928K, used 52880K [0x0000000701e00000, 0x0000000800000000)
  region size 1024K, 3 young (3072K), 3 survivors (3072K)
 Metaspace       used 91733K, capacity 94768K, committed 94876K, reserved 1132544K
  class space    used 11359K, capacity 12465K, committed 12544K, reserved 1048576K
}
Event: 17740.434 GC heap before
{Heap before GC invocations=98 (full 4):
 garbage-first heap   total 124928K, used 106128K [0x0000000701e00000, 0x0000000800000000)
  region size 1024K, 55 young (56320K), 3 survivors (3072K)
 Metaspace       used 91742K, capacity 94768K, committed 94876K, reserved 1132544K
  class space    used 11359K, capacity 12465K, committed 12544K, reserved 1048576K
}
Event: 17740.436 GC heap after
{Heap after GC invocations=99 (full 4):
 garbage-first heap   total 124928K, used 53018K [0x0000000701e00000, 0x0000000800000000)
  region size 1024K, 4 young (4096K), 4 survivors (4096K)
 Metaspace       used 91742K, capacity 94768K, committed 94876K, reserved 1132544K
  class space    used 11359K, capacity 12465K, committed 12544K, reserved 1048576K
}
Event: 18140.512 GC heap before
{Heap before GC invocations=99 (full 4):
 garbage-first heap   total 124928K, used 104218K [0x0000000701e00000, 0x0000000800000000)
  region size 1024K, 54 young (55296K), 4 survivors (4096K)
 Metaspace       used 91742K, capacity 94768K, committed 94876K, reserved 1132544K
  class space    used 11359K, capacity 12465K, committed 12544K, reserved 1048576K
}
Event: 18140.514 GC heap after
{Heap after GC invocations=100 (full 4):
 garbage-first heap   total 124928K, used 52798K [0x0000000701e00000, 0x0000000800000000)
  region size 1024K, 1 young (1024K), 1 survivors (1024K)
 Metaspace       used 91742K, capacity 94768K, committed 94876K, reserved 1132544K
  class space    used 11359K, capacity 12465K, committed 12544K, reserved 1048576K
}
Event: 18571.042 GC heap before
{Heap before GC invocations=100 (full 4):
 garbage-first heap   total 124928K, used 108094K [0x0000000701e00000, 0x0000000800000000)
  region size 1024K, 55 young (56320K), 1 survivors (1024K)
 Metaspace       used 91742K, capacity 94768K, committed 94876K, reserved 1132544K
  class space    used 11359K, capacity 12465K, committed 12544K, reserved 1048576K
}
Event: 18571.044 GC heap after
{Heap after GC invocations=101 (full 4):
 garbage-first heap   total 124928K, used 52800K [0x0000000701e00000, 0x0000000800000000)
  region size 1024K, 1 young (1024K), 1 survivors (1024K)
 Metaspace       used 91742K, capacity 94768K, committed 94876K, reserved 1132544K
  class space    used 11359K, capacity 12465K, committed 12544K, reserved 1048576K
}
Event: 19005.658 GC heap before
{Heap before GC invocations=101 (full 4):
 garbage-first heap   total 124928K, used 108096K [0x0000000701e00000, 0x0000000800000000)
  region size 1024K, 55 young (56320K), 1 survivors (1024K)
 Metaspace       used 91742K, capacity 94768K, committed 94876K, reserved 1132544K
  class space    used 11359K, capacity 12465K, committed 12544K, reserved 1048576K
}
Event: 19005.660 GC heap after
{Heap after GC invocations=102 (full 4):
 garbage-first heap   total 124928K, used 52733K [0x0000000701e00000, 0x0000000800000000)
  region size 1024K, 1 young (1024K), 1 survivors (1024K)
 Metaspace       used 91742K, capacity 94768K, committed 94876K, reserved 1132544K
  class space    used 11359K, capacity 12465K, committed 12544K, reserved 1048576K
}
Event: 19414.946 GC heap before
{Heap before GC invocations=102 (full 4):
 garbage-first heap   total 124928K, used 107005K [0x0000000701e00000, 0x0000000800000000)
  region size 1024K, 54 young (55296K), 1 survivors (1024K)
 Metaspace       used 91760K, capacity 94832K, committed 95132K, reserved 1132544K
  class space    used 11359K, capacity 12465K, committed 12544K, reserved 1048576K
}
Event: 19414.948 GC heap after
{Heap after GC invocations=103 (full 4):
 garbage-first heap   total 124928K, used 52934K [0x0000000701e00000, 0x0000000800000000)
  region size 1024K, 1 young (1024K), 1 survivors (1024K)
 Metaspace       used 91760K, capacity 94832K, committed 95132K, reserved 1132544K
  class space    used 11359K, capacity 12465K, committed 12544K, reserved 1048576K
}
Event: 19830.598 GC heap before
{Heap before GC invocations=103 (full 4):
 garbage-first heap   total 124928K, used 106182K [0x0000000701e00000, 0x0000000800000000)
  region size 1024K, 53 young (54272K), 1 survivors (1024K)
 Metaspace       used 91760K, capacity 94832K, committed 95132K, reserved 1132544K
  class space    used 11359K, capacity 12465K, committed 12544K, reserved 1048576K
}
Event: 19830.600 GC heap after
{Heap after GC invocations=104 (full 4):
 garbage-first heap   total 124928K, used 52783K [0x0000000701e00000, 0x0000000800000000)
  region size 1024K, 1 young (1024K), 1 survivors (1024K)
 Metaspace       used 91760K, capacity 94832K, committed 95132K, reserved 1132544K
  class space    used 11359K, capacity 12465K, committed 12544K, reserved 1048576K
}
Event: 20253.826 GC heap before
{Heap before GC invocations=104 (full 4):
 garbage-first heap   total 124928K, used 107055K [0x0000000701e00000, 0x0000000800000000)
  region size 1024K, 54 young (55296K), 1 survivors (1024K)
 Metaspace       used 91760K, capacity 94832K, committed 95132K, reserved 1132544K
  class space    used 11359K, capacity 12465K, committed 12544K, reserved 1048576K
}
Event: 20253.827 GC heap after
{Heap after GC invocations=105 (full 4):
 garbage-first heap   total 124928K, used 52754K [0x0000000701e00000, 0x0000000800000000)
  region size 1024K, 1 young (1024K), 1 survivors (1024K)
 Metaspace       used 91760K, capacity 94832K, committed 95132K, reserved 1132544K
  class space    used 11359K, capacity 12465K, committed 12544K, reserved 1048576K
}
Event: 20677.720 GC heap before
{Heap before GC invocations=105 (full 4):
 garbage-first heap   total 124928K, used 107026K [0x0000000701e00000, 0x0000000800000000)
  region size 1024K, 54 young (55296K), 1 survivors (1024K)
 Metaspace       used 91760K, capacity 94832K, committed 95132K, reserved 1132544K
  class space    used 11359K, capacity 12465K, committed 12544K, reserved 1048576K
}
Event: 20677.721 GC heap after
{Heap after GC invocations=106 (full 4):
 garbage-first heap   total 124928K, used 52771K [0x0000000701e00000, 0x0000000800000000)
  region size 1024K, 1 young (1024K), 1 survivors (1024K)
 Metaspace       used 91760K, capacity 94832K, committed 95132K, reserved 1132544K
  class space    used 11359K, capacity 12465K, committed 12544K, reserved 1048576K
}
Event: 21104.021 GC heap before
{Heap before GC invocations=106 (full 4):
 garbage-first heap   total 124928K, used 107043K [0x0000000701e00000, 0x0000000800000000)
  region size 1024K, 54 young (55296K), 1 survivors (1024K)
 Metaspace       used 91760K, capacity 94832K, committed 95132K, reserved 1132544K
  class space    used 11359K, capacity 12465K, committed 12544K, reserved 1048576K
}
Event: 21104.023 GC heap after
{Heap after GC invocations=107 (full 4):
 garbage-first heap   total 124928K, used 52738K [0x0000000701e00000, 0x0000000800000000)
  region size 1024K, 1 young (1024K), 1 survivors (1024K)
 Metaspace       used 91760K, capacity 94832K, committed 95132K, reserved 1132544K
  class space    used 11359K, capacity 12465K, committed 12544K, reserved 1048576K
}

Deoptimization events (20 events):
Event: 12747.138 Thread 0x0000022e21e2a000 Uncommon trap: trap_request=0xffffffd6 fr.pc=0x0000022e089f566c relative=0x000000000000110c
Event: 12747.138 Thread 0x0000022e21e2a000 Uncommon trap: reason=array_check action=maybe_recompile pc=0x0000022e089f566c method=org.hibernate.engine.internal.EntityEntryContext.reentrantSafeEntityEntries()[Ljava/util/Map$Entry; @ 57 c2
Event: 12747.138 Thread 0x0000022e21e2a000 DEOPT PACKING pc=0x0000022e089f566c sp=0x00000088c6afa4b0
Event: 12747.138 Thread 0x0000022e21e2a000 DEOPT UNPACKING pc=0x0000022e0004912f sp=0x00000088c6afa3f0 mode 2
Event: 12747.479 Thread 0x0000022e21e2e800 Uncommon trap: trap_request=0xffffffde fr.pc=0x0000022e083adf98 relative=0x0000000000001598
Event: 12747.479 Thread 0x0000022e21e2e800 Uncommon trap: reason=class_check action=maybe_recompile pc=0x0000022e083adf98 method=org.springframework.http.MediaType.lambda$static$0(Lorg/springframework/http/MediaType;Lorg/springframework/http/MediaType;)I @ 127 c2
Event: 12747.479 Thread 0x0000022e21e2e800 DEOPT PACKING pc=0x0000022e083adf98 sp=0x00000088c6dfb980
Event: 12747.479 Thread 0x0000022e21e2e800 DEOPT UNPACKING pc=0x0000022e0004912f sp=0x00000088c6dfb798 mode 2
Event: 12747.479 Thread 0x0000022e21e2e800 Uncommon trap: trap_request=0xffffffde fr.pc=0x0000022e083adf98 relative=0x0000000000001598
Event: 12747.479 Thread 0x0000022e21e2e800 Uncommon trap: reason=class_check action=maybe_recompile pc=0x0000022e083adf98 method=org.springframework.http.MediaType.lambda$static$0(Lorg/springframework/http/MediaType;Lorg/springframework/http/MediaType;)I @ 127 c2
Event: 12747.479 Thread 0x0000022e21e2e800 DEOPT PACKING pc=0x0000022e083adf98 sp=0x00000088c6dfb980
Event: 12747.479 Thread 0x0000022e21e2e800 DEOPT UNPACKING pc=0x0000022e0004912f sp=0x00000088c6dfb798 mode 2
Event: 12793.967 Thread 0x0000022e21e2d000 Uncommon trap: trap_request=0xffffff45 fr.pc=0x0000022e0827a790 relative=0x0000000000003a10
Event: 12793.967 Thread 0x0000022e21e2d000 Uncommon trap: reason=unstable_if action=reinterpret pc=0x0000022e0827a790 method=java.util.concurrent.ConcurrentLinkedDeque.linkLast(Ljava/lang/Object;)V @ 38 c2
Event: 12793.967 Thread 0x0000022e21e2d000 DEOPT PACKING pc=0x0000022e0827a790 sp=0x00000088c67fb670
Event: 12793.967 Thread 0x0000022e21e2d000 DEOPT UNPACKING pc=0x0000022e0004912f sp=0x00000088c67fb428 mode 2
Event: 17337.678 Thread 0x0000022e1e8f2000 Uncommon trap: trap_request=0xffffff45 fr.pc=0x0000022e088b4960 relative=0x0000000000002760
Event: 17337.678 Thread 0x0000022e1e8f2000 Uncommon trap: reason=unstable_if action=reinterpret pc=0x0000022e088b4960 method=java.util.concurrent.locks.AbstractQueuedSynchronizer.isEnqueued(Ljava/util/concurrent/locks/AbstractQueuedSynchronizer$Node;)Z @ 6 c2
Event: 17337.678 Thread 0x0000022e1e8f2000 DEOPT PACKING pc=0x0000022e088b4960 sp=0x00000088c5cfecd0
Event: 17337.678 Thread 0x0000022e1e8f2000 DEOPT UNPACKING pc=0x0000022e0004912f sp=0x00000088c5cfeab8 mode 2

Classes unloaded (20 events):
Event: 12025.306 Thread 0x0000022e7fc51800 Unloading class 0x0000000800ba9840 'java/lang/invoke/LambdaForm$MH'
Event: 12025.306 Thread 0x0000022e7fc51800 Unloading class 0x0000000800ba9040 'java/lang/invoke/LambdaForm$MH'
Event: 12025.306 Thread 0x0000022e7fc51800 Unloading class 0x0000000800ba8c40 'java/lang/invoke/LambdaForm$MH'
Event: 12043.214 Thread 0x0000022e7fc51800 Unloading class 0x000000080170b840 'jdk/internal/reflect/GeneratedMethodAccessor234'
Event: 12043.214 Thread 0x0000022e7fc51800 Unloading class 0x00000008016c9840 'jdk/internal/reflect/GeneratedMethodAccessor158'
Event: 12043.214 Thread 0x0000022e7fc51800 Unloading class 0x00000008016c9040 'jdk/internal/reflect/GeneratedMethodAccessor156'
Event: 12043.214 Thread 0x0000022e7fc51800 Unloading class 0x00000008016c8c40 'jdk/internal/reflect/GeneratedMethodAccessor155'
Event: 12043.214 Thread 0x0000022e7fc51800 Unloading class 0x00000008016c5040 'jdk/internal/reflect/GeneratedConstructorAccessor70'
Event: 12043.214 Thread 0x0000022e7fc51800 Unloading class 0x00000008016c4840 'jdk/internal/reflect/GeneratedMethodAccessor141'
Event: 12043.214 Thread 0x0000022e7fc51800 Unloading class 0x00000008016c4440 'jdk/internal/reflect/GeneratedMethodAccessor140'
Event: 12043.214 Thread 0x0000022e7fc51800 Unloading class 0x00000008016bf440 'jdk/internal/reflect/GeneratedMethodAccessor134'
Event: 12043.214 Thread 0x0000022e7fc51800 Unloading class 0x00000008016bf040 'jdk/internal/reflect/GeneratedMethodAccessor133'
Event: 12043.214 Thread 0x0000022e7fc51800 Unloading class 0x00000008016bac40 'jdk/internal/reflect/GeneratedConstructorAccessor66'
Event: 12043.214 Thread 0x0000022e7fc51800 Unloading class 0x00000008016ba840 'jdk/internal/reflect/GeneratedMethodAccessor116'
Event: 12043.214 Thread 0x0000022e7fc51800 Unloading class 0x00000008016ba440 'jdk/internal/reflect/GeneratedMethodAccessor115'
Event: 12043.214 Thread 0x0000022e7fc51800 Unloading class 0x00000008016a3c40 'jdk/internal/reflect/GeneratedMethodAccessor103'
Event: 12043.214 Thread 0x0000022e7fc51800 Unloading class 0x00000008016a3840 'jdk/internal/reflect/GeneratedMethodAccessor102'
Event: 12043.214 Thread 0x0000022e7fc51800 Unloading class 0x00000008016a3440 'jdk/internal/reflect/GeneratedConstructorAccessor64'
Event: 12064.028 Thread 0x0000022e7fc51800 Unloading class 0x000000080170c040 'org/apache/catalina/loader/JdbcLeakPrevention'
Event: 12270.329 Thread 0x0000022e7fc51800 Unloading class 0x0000000801731840 'org/apache/catalina/loader/JdbcLeakPrevention'

Classes redefined (0 events):
No events

Internal exceptions (20 events):
Event: 12271.478 Thread 0x0000022e1e8f4800 Exception <a 'java/lang/ClassNotFoundException'{0x0000000706750980}: java/lang/ObjectCustomizer> (0x0000000706750980) 
thrown [./src/hotspot/share/classfile/systemDictionary.cpp, line 226]
Event: 12271.478 Thread 0x0000022e1e8f4800 Exception <a 'java/lang/ClassNotFoundException'{0x000000070676ca48}: com/proyectofinal/daw/entities/UsuarioCustomizer> (0x000000070676ca48) 
thrown [./src/hotspot/share/classfile/systemDictionary.cpp, line 226]
Event: 12271.481 Thread 0x0000022e1e8f4800 Exception <a 'java/lang/ClassNotFoundException'{0x00000007067f6018}: java/lang/ObjectCustomizer> (0x00000007067f6018) 
thrown [./src/hotspot/share/classfile/systemDictionary.cpp, line 226]
Event: 12271.481 Thread 0x0000022e1e8f4800 Exception <a 'java/lang/ClassNotFoundException'{0x0000000706612cc0}: com/proyectofinal/daw/entities/FuncionesCustomizer> (0x0000000706612cc0) 
thrown [./src/hotspot/share/classfile/systemDictionary.cpp, line 226]
Event: 12271.482 Thread 0x0000022e1e8f4800 Exception <a 'java/lang/ClassNotFoundException'{0x000000070664a9a0}: java/lang/ObjectCustomizer> (0x000000070664a9a0) 
thrown [./src/hotspot/share/classfile/systemDictionary.cpp, line 226]
Event: 12271.483 Thread 0x0000022e1e8f4800 Exception <a 'java/lang/ClassNotFoundException'{0x00000007066682f8}: com/proyectofinal/daw/entities/ComentariosClubCustomizer> (0x00000007066682f8) 
thrown [./src/hotspot/share/classfile/systemDictionary.cpp, line 226]
Event: 12271.484 Thread 0x0000022e1e8f4800 Exception <a 'java/lang/ClassNotFoundException'{0x00000007066a3db0}: java/lang/ObjectCustomizer> (0x00000007066a3db0) 
thrown [./src/hotspot/share/classfile/systemDictionary.cpp, line 226]
Event: 12271.485 Thread 0x0000022e1e8f4800 Exception <a 'java/lang/ClassNotFoundException'{0x00000007066c0c88}: com/proyectofinal/daw/entities/ClubLecturaCustomizer> (0x00000007066c0c88) 
thrown [./src/hotspot/share/classfile/systemDictionary.cpp, line 226]
Event: 12271.500 Thread 0x0000022e1e8f4800 Exception <a 'java/lang/ClassNotFoundException'{0x00000007064c4af0}: java/lang/ObjectCustomizer> (0x00000007064c4af0) 
thrown [./src/hotspot/share/classfile/systemDictionary.cpp, line 226]
Event: 12271.501 Thread 0x0000022e1e8f4800 Exception <a 'java/lang/ClassNotFoundException'{0x00000007064e2510}: com/proyectofinal/daw/entities/HistoricoPrestamosCustomizer> (0x00000007064e2510) 
thrown [./src/hotspot/share/classfile/systemDictionary.cpp, line 226]
Event: 12271.503 Thread 0x0000022e1e8f4800 Exception <a 'java/lang/ClassNotFoundException'{0x0000000706327550}: java/lang/ObjectCustomizer> (0x0000000706327550) 
thrown [./src/hotspot/share/classfile/systemDictionary.cpp, line 226]
Event: 12271.503 Thread 0x0000022e1e8f4800 Exception <a 'java/lang/ClassNotFoundException'{0x0000000706342960}: com/proyectofinal/daw/entities/VotacionCustomizer> (0x0000000706342960) 
thrown [./src/hotspot/share/classfile/systemDictionary.cpp, line 226]
Event: 12271.504 Thread 0x0000022e1e8f4800 Exception <a 'java/lang/ClassNotFoundException'{0x000000070636c690}: java/lang/ObjectCustomizer> (0x000000070636c690) 
thrown [./src/hotspot/share/classfile/systemDictionary.cpp, line 226]
Event: 12271.505 Thread 0x0000022e1e8f4800 Exception <a 'java/lang/ClassNotFoundException'{0x0000000706388aa0}: com/proyectofinal/daw/entities/PuntuacionCustomizer> (0x0000000706388aa0) 
thrown [./src/hotspot/share/classfile/systemDictionary.cpp, line 226]
Event: 12312.755 Thread 0x0000022e1e8fa800 Implicit null exception at 0x0000022e088edcad to 0x0000022e088f27f0
Event: 12743.894 Thread 0x0000022e21e28000 Exception <a 'java/lang/NoSuchMethodError'{0x0000000707c76ad0}: static Ljava/lang/Object;.<clinit>()V> (0x0000000707c76ad0) 
thrown [./src/hotspot/share/prims/jni.cpp, line 1348]
Event: 12743.897 Thread 0x0000022e21e28000 Exception <a 'java/lang/NoSuchMethodError'{0x0000000707c8a760}: static Lorg/springframework/security/web/savedrequest/SavedCookie;.<clinit>()V> (0x0000000707c8a760) 
thrown [./src/hotspot/share/prims/jni.cpp, line 1348]
Event: 12743.940 Thread 0x0000022e21e29000 Exception <a 'java/lang/ClassNotFoundException'{0x0000000707b08410}: java/lang/ObjectCustomizer> (0x0000000707b08410) 
thrown [./src/hotspot/share/classfile/systemDictionary.cpp, line 226]
Event: 12743.941 Thread 0x0000022e21e29000 Exception <a 'java/lang/ClassNotFoundException'{0x0000000707b28348}: com/proyectofinal/daw/entities/dto/UsuarioLoginCustomizer> (0x0000000707b28348) 
thrown [./src/hotspot/share/classfile/systemDictionary.cpp, line 226]
Event: 21112.670 Thread 0x0000022e21e34800 Implicit null exception at 0x0000022e08ac6965 to 0x0000000000000000

Events (20 events):
Event: 19417.685 Thread 0x0000022e21e33800 Thread exited: 0x0000022e21e33800
Event: 19417.700 Executing VM operation: HandshakeOneThread
Event: 19417.700 Executing VM operation: HandshakeOneThread done
Event: 19417.701 Thread 0x0000022e21e35000 Thread exited: 0x0000022e21e35000
Event: 19445.898 Executing VM operation: HandshakeOneThread
Event: 19445.898 Executing VM operation: HandshakeOneThread done
Event: 19445.898 Executing VM operation: HandshakeOneThread
Event: 19445.898 Executing VM operation: HandshakeOneThread done
Event: 19445.898 Executing VM operation: HandshakeOneThread
Event: 19445.898 Executing VM operation: HandshakeOneThread done
Event: 19830.598 Executing VM operation: G1CollectForAllocation
Event: 19830.600 Executing VM operation: G1CollectForAllocation done
Event: 20253.825 Executing VM operation: G1CollectForAllocation
Event: 20253.827 Executing VM operation: G1CollectForAllocation done
Event: 20677.719 Executing VM operation: G1CollectForAllocation
Event: 20677.721 Executing VM operation: G1CollectForAllocation done
Event: 21104.021 Executing VM operation: G1CollectForAllocation
Event: 21104.023 Executing VM operation: G1CollectForAllocation done
Event: 21112.669 Thread 0x0000022e21e33000 Thread added: 0x0000022e21e33000
Event: 21112.669 Thread 0x0000022e21e34800 Thread added: 0x0000022e21e34800


Dynamic libraries:
0x00007ff7570c0000 - 0x00007ff757122000 	D:\openjdk14\bin\java.exe
0x00007fff76630000 - 0x00007fff76825000 	C:\WINDOWS\SYSTEM32\ntdll.dll
0x00007fff35c20000 - 0x00007fff35c33000 	C:\Program Files\Avast Software\Avast\aswhook.dll
0x00007fff74690000 - 0x00007fff7474d000 	C:\WINDOWS\System32\KERNEL32.DLL
0x00007fff74320000 - 0x00007fff745e8000 	C:\WINDOWS\System32\KERNELBASE.dll
0x00007fff73f60000 - 0x00007fff74060000 	C:\WINDOWS\System32\ucrtbase.dll
0x00007fff4a640000 - 0x00007fff4a658000 	D:\openjdk14\bin\jli.dll
0x00007fff3de10000 - 0x00007fff3de25000 	D:\openjdk14\bin\VCRUNTIME140.dll
0x00007fff74750000 - 0x00007fff748f0000 	C:\WINDOWS\System32\USER32.dll
0x00007fff74270000 - 0x00007fff74292000 	C:\WINDOWS\System32\win32u.dll
0x00007fff50d30000 - 0x00007fff50fca000 	C:\WINDOWS\WinSxS\amd64_microsoft.windows.common-controls_6595b64144ccf1df_6.0.19041.844_none_ca00b6081b84eb1d\COMCTL32.dll
0x00007fff74c50000 - 0x00007fff74c7a000 	C:\WINDOWS\System32\GDI32.dll
0x00007fff74d60000 - 0x00007fff74dfe000 	C:\WINDOWS\System32\msvcrt.dll
0x00007fff74060000 - 0x00007fff7416b000 	C:\WINDOWS\System32\gdi32full.dll
0x00007fff745f0000 - 0x00007fff7468d000 	C:\WINDOWS\System32\msvcp_win.dll
0x00007fff749b0000 - 0x00007fff749e0000 	C:\WINDOWS\System32\IMM32.DLL
0x00007fff2a360000 - 0x00007fff2a3fb000 	D:\openjdk14\bin\msvcp140.dll
0x00007ffed6370000 - 0x00007ffed6f05000 	D:\openjdk14\bin\server\jvm.dll
0x00007fff74900000 - 0x00007fff749ac000 	C:\WINDOWS\System32\ADVAPI32.dll
0x00007fff76300000 - 0x00007fff7639b000 	C:\WINDOWS\System32\sechost.dll
0x00007fff761d0000 - 0x00007fff762fb000 	C:\WINDOWS\System32\RPCRT4.dll
0x00007fff748f0000 - 0x00007fff748f8000 	C:\WINDOWS\System32\PSAPI.DLL
0x00007fff5f5c0000 - 0x00007fff5f5c9000 	C:\WINDOWS\SYSTEM32\WSOCK32.dll
0x00007fff62b60000 - 0x00007fff62b87000 	C:\WINDOWS\SYSTEM32\WINMM.dll
0x00007fff6b900000 - 0x00007fff6b90a000 	C:\WINDOWS\SYSTEM32\VERSION.dll
0x00007fff76160000 - 0x00007fff761cb000 	C:\WINDOWS\System32\WS2_32.dll
0x00007fff72600000 - 0x00007fff72612000 	C:\WINDOWS\SYSTEM32\kernel.appcore.dll
0x00007fff626d0000 - 0x00007fff626da000 	D:\openjdk14\bin\jimage.dll
0x00007fff71b70000 - 0x00007fff71d54000 	C:\WINDOWS\SYSTEM32\DBGHELP.DLL
0x00007fff67610000 - 0x00007fff6763c000 	C:\WINDOWS\SYSTEM32\dbgcore.DLL
0x00007fff742a0000 - 0x00007fff74320000 	C:\WINDOWS\System32\bcryptPrimitives.dll
0x00007fff31770000 - 0x00007fff31795000 	D:\openjdk14\bin\java.dll
0x00007fff3c050000 - 0x00007fff3c067000 	D:\openjdk14\bin\zip.dll
0x00007fff75810000 - 0x00007fff75f52000 	C:\WINDOWS\System32\SHELL32.dll
0x00007fff71d60000 - 0x00007fff724f1000 	C:\WINDOWS\SYSTEM32\windows.storage.dll
0x00007fff74e00000 - 0x00007fff75155000 	C:\WINDOWS\System32\combase.dll
0x00007fff73710000 - 0x00007fff7373c000 	C:\WINDOWS\SYSTEM32\Wldp.dll
0x00007fff76420000 - 0x00007fff764ce000 	C:\WINDOWS\System32\SHCORE.dll
0x00007fff75270000 - 0x00007fff752c5000 	C:\WINDOWS\System32\shlwapi.dll
0x00007fff73cb0000 - 0x00007fff73ccf000 	C:\WINDOWS\SYSTEM32\profapi.dll
0x00007fff34ed0000 - 0x00007fff34ee9000 	D:\openjdk14\bin\net.dll
0x00007fff6cef0000 - 0x00007fff6cffb000 	C:\WINDOWS\SYSTEM32\WINHTTP.dll
0x00007fff734f0000 - 0x00007fff7355a000 	C:\WINDOWS\system32\mswsock.dll
0x00007fff34a20000 - 0x00007fff34a32000 	D:\openjdk14\bin\nio.dll
0x00007fff55c20000 - 0x00007fff55c29000 	D:\openjdk14\bin\management.dll
0x00007fff55960000 - 0x00007fff5596b000 	D:\openjdk14\bin\management_ext.dll
0x00007fff574a0000 - 0x00007fff574b7000 	C:\WINDOWS\system32\napinsp.dll
0x00007fff57480000 - 0x00007fff5749b000 	C:\WINDOWS\system32\pnrpnsp.dll
0x00007fff57460000 - 0x00007fff57475000 	C:\WINDOWS\system32\wshbth.dll
0x00007fff6efd0000 - 0x00007fff6efed000 	C:\WINDOWS\system32\NLAapi.dll
0x00007fff731b0000 - 0x00007fff731eb000 	C:\WINDOWS\SYSTEM32\IPHLPAPI.DLL
0x00007fff731f0000 - 0x00007fff732bc000 	C:\WINDOWS\SYSTEM32\DNSAPI.dll
0x00007fff749e0000 - 0x00007fff749e8000 	C:\WINDOWS\System32\NSI.dll
0x00007fff573a0000 - 0x00007fff573b2000 	C:\WINDOWS\System32\winrnr.dll
0x00007fff5f860000 - 0x00007fff5f86a000 	C:\Windows\System32\rasadhlp.dll
0x00007fff674d0000 - 0x00007fff6754f000 	C:\WINDOWS\System32\fwpuclnt.dll
0x00007fff73f30000 - 0x00007fff73f57000 	C:\WINDOWS\System32\bcrypt.dll
0x00007fff73750000 - 0x00007fff73768000 	C:\WINDOWS\SYSTEM32\CRYPTSP.dll
0x00007fff72e40000 - 0x00007fff72e74000 	C:\WINDOWS\system32\rsaenh.dll
0x00007fff73c30000 - 0x00007fff73c5e000 	C:\WINDOWS\SYSTEM32\USERENV.dll
0x00007fff73670000 - 0x00007fff7367c000 	C:\WINDOWS\SYSTEM32\CRYPTBASE.dll
0x00007fff6f340000 - 0x00007fff6f357000 	C:\WINDOWS\SYSTEM32\dhcpcsvc6.DLL
0x00007fff6f320000 - 0x00007fff6f33d000 	C:\WINDOWS\SYSTEM32\dhcpcsvc.DLL
0x00007fff5af30000 - 0x00007fff5af40000 	D:\openjdk14\bin\verify.dll
0x00007fff31200000 - 0x00007fff31225000 	D:\openjdk14\bin\sunec.dll
0x00007fff6c900000 - 0x00007fff6c90e000 	D:\openjdk14\bin\sunmscapi.dll
0x00007fff73dd0000 - 0x00007fff73f2f000 	C:\WINDOWS\System32\CRYPT32.dll
0x00007fff73850000 - 0x00007fff73877000 	C:\WINDOWS\SYSTEM32\ncrypt.dll
0x00007fff73810000 - 0x00007fff7384b000 	C:\WINDOWS\SYSTEM32\NTASN1.dll

dbghelp: loaded successfully - version: 4.0.5 - missing functions: none
symbol engine: initialized successfully - sym options: 0x614 - pdb path: .;D:\openjdk14\bin;C:\WINDOWS\SYSTEM32;C:\Program Files\Avast Software\Avast;C:\WINDOWS\WinSxS\amd64_microsoft.windows.common-controls_6595b64144ccf1df_6.0.19041.844_none_ca00b6081b84eb1d;D:\openjdk14\bin\server

VM Arguments:
jvm_args: -Dcom.sun.management.jmxremote -Dcom.sun.management.jmxremote.port=1358 -Dcom.sun.management.jmxremote.authenticate=false -Dcom.sun.management.jmxremote.ssl=false -Djava.rmi.server.hostname=localhost -Dspring.application.admin.enabled=true -Dspring.jmx.enabled=true -XX:+ShowCodeDetailsInExceptionMessages -Dfile.encoding=UTF-8 
java_command: com.proyectofinal.daw.DawApplication
java_class_path (initial): C:\Users\Ana\Desktop\curso daw\Proyecto fin de curso\Proyectofinaldaw\target\classes;C:\Users\Ana\.m2\repository\org\springframework\boot\spring-boot-starter-data-jdbc\2.4.3\spring-boot-starter-data-jdbc-2.4.3.jar;C:\Users\Ana\.m2\repository\org\springframework\data\spring-data-jdbc\2.1.5\spring-data-jdbc-2.1.5.jar;C:\Users\Ana\.m2\repository\org\springframework\data\spring-data-relational\2.1.5\spring-data-relational-2.1.5.jar;C:\Users\Ana\.m2\repository\org\springframework\data\spring-data-commons\2.4.5\spring-data-commons-2.4.5.jar;C:\Users\Ana\.m2\repository\org\springframework\spring-tx\5.3.4\spring-tx-5.3.4.jar;C:\Users\Ana\.m2\repository\org\springframework\spring-beans\5.3.4\spring-beans-5.3.4.jar;C:\Users\Ana\.m2\repository\org\springframework\boot\spring-boot-starter-data-rest\2.4.3\spring-boot-starter-data-rest-2.4.3.jar;C:\Users\Ana\.m2\repository\org\springframework\data\spring-data-rest-webmvc\3.4.5\spring-data-rest-webmvc-3.4.5.jar;C:\Users\Ana\.m2\repository\org\springframework\data\spring-data-rest-core\3.4.5\spring-data-rest-core-3.4.5.jar;C:\Users\Ana\.m2\repository\org\springframework\hateoas\spring-hateoas\1.2.4\spring-hateoas-1.2.4.jar;C:\Users\Ana\.m2\repository\org\springframework\plugin\spring-plugin-core\2.0.0.RELEASE\spring-plugin-core-2.0.0.RELEASE.jar;C:\Users\Ana\.m2\repository\org\atteo\evo-inflector\1.2.2\evo-inflector-1.2.2.jar;C:\Users\Ana\.m2\repository\com\fasterxml\jackson\core\jackson-databind\2.11.4\jackson-databind-2.11.4.jar;C:\Users\Ana\.m2\repository\com\fasterxml\jackson\core\jackson-core\2.11.4\jackson-core-2.11.4.jar;C:\Users\Ana\.m2\repository\com\fasterxml\jackson\core\jackson-annotations\2.11.4\jackson-annotations-2.11.4.jar;C:\Users\Ana\.m2\repository\org\springframework\boot\spring-boot-starter-jdbc\2.4.3\spring-boot-starter-jdbc-2.4.3.jar;C:\Users\Ana\.m2\repository\org\springframework\boot\spring-boot-starter\2.4.3\spring-boot-starter-2.4.3.jar;C:\Users\Ana\.m2\repository\org\springfra
Launcher Type: SUN_STANDARD

[Global flags]
     intx CICompilerCount                          = 4                                         {product} {ergonomic}
     uint ConcGCThreads                            = 2                                         {product} {ergonomic}
     uint G1ConcRefinementThreads                  = 8                                         {product} {ergonomic}
   size_t G1HeapRegionSize                         = 1048576                                   {product} {ergonomic}
    uintx GCDrainStackTargetSize                   = 64                                        {product} {ergonomic}
   size_t InitialHeapSize                          = 268435456                                 {product} {ergonomic}
     bool ManagementServer                         = true                                      {product} {command line}
   size_t MarkStackSize                            = 4194304                                   {product} {ergonomic}
   size_t MaxHeapSize                              = 4263510016                                {product} {ergonomic}
   size_t MaxNewSize                               = 2557476864                                {product} {ergonomic}
   size_t MinHeapDeltaBytes                        = 1048576                                   {product} {ergonomic}
   size_t MinHeapSize                              = 8388608                                   {product} {ergonomic}
    uintx NonNMethodCodeHeapSize                   = 5839372                                {pd product} {ergonomic}
    uintx NonProfiledCodeHeapSize                  = 122909434                              {pd product} {ergonomic}
    uintx ProfiledCodeHeapSize                     = 122909434                              {pd product} {ergonomic}
    uintx ReservedCodeCacheSize                    = 251658240                              {pd product} {ergonomic}
     bool SegmentedCodeCache                       = true                                      {product} {ergonomic}
     bool ShowCodeDetailsInExceptionMessages       = true                                   {manageable} {command line}
   size_t SoftMaxHeapSize                          = 4263510016                             {manageable} {ergonomic}
     bool UseCompressedClassPointers               = true                                 {lp64_product} {ergonomic}
     bool UseCompressedOops                        = true                                 {lp64_product} {ergonomic}
     bool UseG1GC                                  = true                                      {product} {ergonomic}
     bool UseLargePagesIndividualAllocation        = false                                  {pd product} {ergonomic}

Logging:
Log output configuration:
 #0: stdout all=warning uptime,level,tags
 #1: stderr all=off uptime,level,tags

Environment Variables:
JAVA_HOME=D:\openjdk14
PATH=C:\Python38\Scripts\;C:\Python38\;C:\ProgramData\Oracle\Java\javapath;C:\Program Files\Common Files\Siemens\Automation\Simatic OAM\bin;C:\Program Files (x86)\Common Files\Siemens\Bin;C:\Program Files (x86)\Common Files\Siemens\CommonArchiving;C:\Program Files (x86)\Common Files\Siemens\ACE\Bin;C:\Program Files (x86)\Siemens\Automation\SCADA-RT_V11\WinCC\Bin;C:\Windows\system32;C:\Windows;C:\Windows\System32\Wbem;C:\Windows\System32\WindowsPowerShell\v1.0\;C:\Windows\System32\OpenSSH\;C:\Program Files\NVIDIA Corporation\NVIDIA NvDLISR;C:\Program Files (x86)\Windows Kits\8.1\Windows Performance Toolkit\;C:\Program Files\Crucial\Crucial Storage Executive;C:\Program Files\EmEditor;C:\Program Files (x86)\Microsoft SQL Server\100\Tools\Binn\;C:\Program Files (x86)\Microsoft SQL Server\100\DTS\Binn\;C:\Program Files (x86)\Common Files\Siemens\;C:\Program Files (x86)\Common Files\Siemens\Interfaces;C:\Program Files (x86)\Common Files\Siemens\ACE\Interfaces;C:\Program Files (x86)\Siemens\Automation\SCADA-RT_V11\WinCC\Interfaces;C:\WINDOWS\system32;C:\WINDOWS;C:\WINDOWS\System32\Wbem;C:\WINDOWS\System32\WindowsPowerShell\v1.0\;C:\WINDOWS\System32\OpenSSH\;C:\Program Files\Git\cmd;C:\Program Files\Git\mingw64\bin;C:\Program Files\Git\usr\bin;C:\Program Files\nodejs\;C:\ProgramData\chocolatey\bin;;C:\Program Files\Docker\Docker\resources\bin;C:\ProgramData\DockerDesktop\version-bin;C:\Users\Ana\AppData\Local\Microsoft\WindowsApps;C:\Program Files (x86)\Nmap;;C:\Users\Ana\AppData\Local\Programs\Microsoft VS Code\bin;C:\Users\Ana\AppData\Roaming\npm
USERNAME=Ana
OS=Windows_NT
PROCESSOR_IDENTIFIER=Intel64 Family 6 Model 142 Stepping 10, GenuineIntel



---------------  S Y S T E M  ---------------

OS: Windows 10 , 64 bit Build 19041 (10.0.19041.928)
OS uptime: 5 days 21:03 hours
HyperV virtualization detected

CPU:total 8 (initial active 8) (4 cores per cpu, 2 threads per core) family 6 model 142 stepping 10, cmov, cx8, fxsr, mmx, sse, sse2, sse3, ssse3, sse4.1, sse4.2, popcnt, avx, avx2, aes, clmul, erms, 3dnowpref, lzcnt, ht, tsc, tscinvbit, bmi1, bmi2, adx, fma

Memory: 4k page, system-wide physical 16263M (6341M free)
TotalPageFile size 19059M (AvailPageFile size 4408M)
current process WorkingSet (physical memory assigned to process): 400M, peak: 407M
current process commit charge ("private bytes"): 463M, peak: 473M

vm_info: OpenJDK 64-Bit Server VM (14.0.2+12) for windows-amd64 JRE (14.0.2+12), built on Jul 20 2020 10:20:50 by "" with MS VC++ 15.9 (VS2017)

END.
